  Banana.cpp
E:\Github\Duilib_CEF\DuiLib\Utils\UIDelegate.h(217,44): warning C4251:  “DuiLib::CEventSource::m_aDelegates”: class“DuiLib::TStdPtrArray<DuiLib::CDelegateBase *>”需要有 dll 接口由 class“DuiLib::CEventSource”的客户端使用
E:\Github\Duilib_CEF\DuiLib\Utils\UIDelegate.h(217): message :  参见“DuiLib::TStdPtrArray<DuiLib::CDelegateBase *>”的声明
E:\Github\Duilib_CEF\DuiLib\Core\UIManager.h(49,3): warning C4091:  “typedef ”: 没有声明变量时忽略“DuiLib::EVENTTYPE_UI”的左侧
E:\Github\Duilib_CEF\DuiLib\Control\UIAnimation.h(77,47): warning C4251:  “DuiLib::CUIAnimation::m_arAnimations”: class“DuiLib::TStdPtrArray<DuiLib::CAnimationData *>”需要有 dll 接口由 class“DuiLib::CUIAnimation”的客户端使用
E:\Github\Duilib_CEF\DuiLib\Control\UIAnimation.h(77): message :  参见“DuiLib::TStdPtrArray<DuiLib::CAnimationData *>”的声明
E:\Github\Duilib_CEF\DuiLib\Control\UIFlash.h(12,1): warning C4192:  导入类型库“IServiceProvider”时自动排除“..\Utils/Flash11.tlb”
E:\Github\Duilib_CEF\DuiLib\Control\UIMediaPlayer.h(38,38): warning C4251:  “DuiLib::CMediaPlayerUI::wmp_”: class“ATL::CComQIPtr<WMPLib::IWMPPlayer4,& _GUID_6c497d62_8919_413c_82db_e935fb3ec584>”需要有 dll 接口由 class“DuiLib::CMediaPlayerUI”的客户端使用
  clientapp.cpp
  stdAfx.h
  正在生成代码...
E:\Github\Duilib_CEF\DuiLib\Control\UIMediaPlayer.h(38): message :  参见“ATL::CComQIPtr<WMPLib::IWMPPlayer4,& _GUID_6c497d62_8919_413c_82db_e935fb3ec584>”的声明
libcef_dll_wrapper.lib(libcef_dll_wrapper.obj) : error LNK2038: 检测到“_ITERATOR_DEBUG_LEVEL”的不匹配项: 值“0”不匹配值“2”(Banana.obj 中)
libcef_dll_wrapper.lib(libcef_dll_wrapper.obj) : error LNK2038: 检测到“RuntimeLibrary”的不匹配项: 值“MT_StaticRelease”不匹配值“MDd_DynamicDebug”(Banana.obj 中)
libcef_dll_wrapper.lib(cef_logging.obj) : error LNK2038: 检测到“_ITERATOR_DEBUG_LEVEL”的不匹配项: 值“0”不匹配值“2”(Banana.obj 中)
libcef_dll_wrapper.lib(cef_logging.obj) : error LNK2038: 检测到“RuntimeLibrary”的不匹配项: 值“MT_StaticRelease”不匹配值“MDd_DynamicDebug”(Banana.obj 中)
libcef_dll_wrapper.lib(app_cpptoc.obj) : error LNK2038: 检测到“_ITERATOR_DEBUG_LEVEL”的不匹配项: 值“0”不匹配值“2”(Banana.obj 中)
libcef_dll_wrapper.lib(app_cpptoc.obj) : error LNK2038: 检测到“RuntimeLibrary”的不匹配项: 值“MT_StaticRelease”不匹配值“MDd_DynamicDebug”(Banana.obj 中)
libcef_dll_wrapper.lib(completion_callback_cpptoc.obj) : error LNK2038: 检测到“_ITERATOR_DEBUG_LEVEL”的不匹配项: 值“0”不匹配值“2”(Banana.obj 中)
libcef_dll_wrapper.lib(completion_callback_cpptoc.obj) : error LNK2038: 检测到“RuntimeLibrary”的不匹配项: 值“MT_StaticRelease”不匹配值“MDd_DynamicDebug”(Banana.obj 中)
libcef_dll_wrapper.lib(end_tracing_callback_cpptoc.obj) : error LNK2038: 检测到“_ITERATOR_DEBUG_LEVEL”的不匹配项: 值“0”不匹配值“2”(Banana.obj 中)
libcef_dll_wrapper.lib(end_tracing_callback_cpptoc.obj) : error LNK2038: 检测到“RuntimeLibrary”的不匹配项: 值“MT_StaticRelease”不匹配值“MDd_DynamicDebug”(Banana.obj 中)
libcef_dll_wrapper.lib(get_geolocation_callback_cpptoc.obj) : error LNK2038: 检测到“_ITERATOR_DEBUG_LEVEL”的不匹配项: 值“0”不匹配值“2”(Banana.obj 中)
libcef_dll_wrapper.lib(get_geolocation_callback_cpptoc.obj) : error LNK2038: 检测到“RuntimeLibrary”的不匹配项: 值“MT_StaticRelease”不匹配值“MDd_DynamicDebug”(Banana.obj 中)
libcef_dll_wrapper.lib(scheme_handler_factory_cpptoc.obj) : error LNK2038: 检测到“_ITERATOR_DEBUG_LEVEL”的不匹配项: 值“0”不匹配值“2”(Banana.obj 中)
libcef_dll_wrapper.lib(scheme_handler_factory_cpptoc.obj) : error LNK2038: 检测到“RuntimeLibrary”的不匹配项: 值“MT_StaticRelease”不匹配值“MDd_DynamicDebug”(Banana.obj 中)
libcef_dll_wrapper.lib(task_cpptoc.obj) : error LNK2038: 检测到“_ITERATOR_DEBUG_LEVEL”的不匹配项: 值“0”不匹配值“2”(Banana.obj 中)
libcef_dll_wrapper.lib(task_cpptoc.obj) : error LNK2038: 检测到“RuntimeLibrary”的不匹配项: 值“MT_StaticRelease”不匹配值“MDd_DynamicDebug”(Banana.obj 中)
libcef_dll_wrapper.lib(v8handler_cpptoc.obj) : error LNK2038: 检测到“_ITERATOR_DEBUG_LEVEL”的不匹配项: 值“0”不匹配值“2”(Banana.obj 中)
libcef_dll_wrapper.lib(v8handler_cpptoc.obj) : error LNK2038: 检测到“RuntimeLibrary”的不匹配项: 值“MT_StaticRelease”不匹配值“MDd_DynamicDebug”(Banana.obj 中)
libcef_dll_wrapper.lib(web_plugin_info_visitor_cpptoc.obj) : error LNK2038: 检测到“_ITERATOR_DEBUG_LEVEL”的不匹配项: 值“0”不匹配值“2”(Banana.obj 中)
libcef_dll_wrapper.lib(web_plugin_info_visitor_cpptoc.obj) : error LNK2038: 检测到“RuntimeLibrary”的不匹配项: 值“MT_StaticRelease”不匹配值“MDd_DynamicDebug”(Banana.obj 中)
libcef_dll_wrapper.lib(web_plugin_unstable_callback_cpptoc.obj) : error LNK2038: 检测到“_ITERATOR_DEBUG_LEVEL”的不匹配项: 值“0”不匹配值“2”(Banana.obj 中)
libcef_dll_wrapper.lib(web_plugin_unstable_callback_cpptoc.obj) : error LNK2038: 检测到“RuntimeLibrary”的不匹配项: 值“MT_StaticRelease”不匹配值“MDd_DynamicDebug”(Banana.obj 中)
libcef_dll_wrapper.lib(binary_value_ctocpp.obj) : error LNK2038: 检测到“_ITERATOR_DEBUG_LEVEL”的不匹配项: 值“0”不匹配值“2”(Banana.obj 中)
libcef_dll_wrapper.lib(binary_value_ctocpp.obj) : error LNK2038: 检测到“RuntimeLibrary”的不匹配项: 值“MT_StaticRelease”不匹配值“MDd_DynamicDebug”(Banana.obj 中)
libcef_dll_wrapper.lib(command_line_ctocpp.obj) : error LNK2038: 检测到“_ITERATOR_DEBUG_LEVEL”的不匹配项: 值“0”不匹配值“2”(Banana.obj 中)
libcef_dll_wrapper.lib(command_line_ctocpp.obj) : error LNK2038: 检测到“RuntimeLibrary”的不匹配项: 值“MT_StaticRelease”不匹配值“MDd_DynamicDebug”(Banana.obj 中)
libcef_dll_wrapper.lib(value_ctocpp.obj) : error LNK2038: 检测到“_ITERATOR_DEBUG_LEVEL”的不匹配项: 值“0”不匹配值“2”(Banana.obj 中)
libcef_dll_wrapper.lib(value_ctocpp.obj) : error LNK2038: 检测到“RuntimeLibrary”的不匹配项: 值“MT_StaticRelease”不匹配值“MDd_DynamicDebug”(Banana.obj 中)
libcef_dll_wrapper.lib(transfer_util.obj) : error LNK2038: 检测到“_ITERATOR_DEBUG_LEVEL”的不匹配项: 值“0”不匹配值“2”(Banana.obj 中)
libcef_dll_wrapper.lib(transfer_util.obj) : error LNK2038: 检测到“RuntimeLibrary”的不匹配项: 值“MT_StaticRelease”不匹配值“MDd_DynamicDebug”(Banana.obj 中)
libcef_dll_wrapper.lib(browser_process_handler_cpptoc.obj) : error LNK2038: 检测到“_ITERATOR_DEBUG_LEVEL”的不匹配项: 值“0”不匹配值“2”(Banana.obj 中)
libcef_dll_wrapper.lib(browser_process_handler_cpptoc.obj) : error LNK2038: 检测到“RuntimeLibrary”的不匹配项: 值“MT_StaticRelease”不匹配值“MDd_DynamicDebug”(Banana.obj 中)
libcef_dll_wrapper.lib(render_process_handler_cpptoc.obj) : error LNK2038: 检测到“_ITERATOR_DEBUG_LEVEL”的不匹配项: 值“0”不匹配值“2”(Banana.obj 中)
libcef_dll_wrapper.lib(render_process_handler_cpptoc.obj) : error LNK2038: 检测到“RuntimeLibrary”的不匹配项: 值“MT_StaticRelease”不匹配值“MDd_DynamicDebug”(Banana.obj 中)
libcef_dll_wrapper.lib(resource_bundle_handler_cpptoc.obj) : error LNK2038: 检测到“_ITERATOR_DEBUG_LEVEL”的不匹配项: 值“0”不匹配值“2”(Banana.obj 中)
libcef_dll_wrapper.lib(resource_bundle_handler_cpptoc.obj) : error LNK2038: 检测到“RuntimeLibrary”的不匹配项: 值“MT_StaticRelease”不匹配值“MDd_DynamicDebug”(Banana.obj 中)
libcef_dll_wrapper.lib(scheme_registrar_ctocpp.obj) : error LNK2038: 检测到“_ITERATOR_DEBUG_LEVEL”的不匹配项: 值“0”不匹配值“2”(Banana.obj 中)
libcef_dll_wrapper.lib(scheme_registrar_ctocpp.obj) : error LNK2038: 检测到“RuntimeLibrary”的不匹配项: 值“MT_StaticRelease”不匹配值“MDd_DynamicDebug”(Banana.obj 中)
libcef_dll_wrapper.lib(resource_handler_cpptoc.obj) : error LNK2038: 检测到“_ITERATOR_DEBUG_LEVEL”的不匹配项: 值“0”不匹配值“2”(Banana.obj 中)
libcef_dll_wrapper.lib(resource_handler_cpptoc.obj) : error LNK2038: 检测到“RuntimeLibrary”的不匹配项: 值“MT_StaticRelease”不匹配值“MDd_DynamicDebug”(Banana.obj 中)
libcef_dll_wrapper.lib(browser_ctocpp.obj) : error LNK2038: 检测到“_ITERATOR_DEBUG_LEVEL”的不匹配项: 值“0”不匹配值“2”(Banana.obj 中)
libcef_dll_wrapper.lib(browser_ctocpp.obj) : error LNK2038: 检测到“RuntimeLibrary”的不匹配项: 值“MT_StaticRelease”不匹配值“MDd_DynamicDebug”(Banana.obj 中)
libcef_dll_wrapper.lib(frame_ctocpp.obj) : error LNK2038: 检测到“_ITERATOR_DEBUG_LEVEL”的不匹配项: 值“0”不匹配值“2”(Banana.obj 中)
libcef_dll_wrapper.lib(frame_ctocpp.obj) : error LNK2038: 检测到“RuntimeLibrary”的不匹配项: 值“MT_StaticRelease”不匹配值“MDd_DynamicDebug”(Banana.obj 中)
libcef_dll_wrapper.lib(request_ctocpp.obj) : error LNK2038: 检测到“_ITERATOR_DEBUG_LEVEL”的不匹配项: 值“0”不匹配值“2”(Banana.obj 中)
libcef_dll_wrapper.lib(request_ctocpp.obj) : error LNK2038: 检测到“RuntimeLibrary”的不匹配项: 值“MT_StaticRelease”不匹配值“MDd_DynamicDebug”(Banana.obj 中)
libcef_dll_wrapper.lib(v8value_ctocpp.obj) : error LNK2038: 检测到“_ITERATOR_DEBUG_LEVEL”的不匹配项: 值“0”不匹配值“2”(Banana.obj 中)
libcef_dll_wrapper.lib(v8value_ctocpp.obj) : error LNK2038: 检测到“RuntimeLibrary”的不匹配项: 值“MT_StaticRelease”不匹配值“MDd_DynamicDebug”(Banana.obj 中)
libcef_dll_wrapper.lib(web_plugin_info_ctocpp.obj) : error LNK2038: 检测到“_ITERATOR_DEBUG_LEVEL”的不匹配项: 值“0”不匹配值“2”(Banana.obj 中)
libcef_dll_wrapper.lib(web_plugin_info_ctocpp.obj) : error LNK2038: 检测到“RuntimeLibrary”的不匹配项: 值“MT_StaticRelease”不匹配值“MDd_DynamicDebug”(Banana.obj 中)
libcef_dll_wrapper.lib(dictionary_value_ctocpp.obj) : error LNK2038: 检测到“_ITERATOR_DEBUG_LEVEL”的不匹配项: 值“0”不匹配值“2”(Banana.obj 中)
libcef_dll_wrapper.lib(dictionary_value_ctocpp.obj) : error LNK2038: 检测到“RuntimeLibrary”的不匹配项: 值“MT_StaticRelease”不匹配值“MDd_DynamicDebug”(Banana.obj 中)
libcef_dll_wrapper.lib(list_value_ctocpp.obj) : error LNK2038: 检测到“_ITERATOR_DEBUG_LEVEL”的不匹配项: 值“0”不匹配值“2”(Banana.obj 中)
libcef_dll_wrapper.lib(list_value_ctocpp.obj) : error LNK2038: 检测到“RuntimeLibrary”的不匹配项: 值“MT_StaticRelease”不匹配值“MDd_DynamicDebug”(Banana.obj 中)
libcef_dll_wrapper.lib(print_handler_cpptoc.obj) : error LNK2038: 检测到“_ITERATOR_DEBUG_LEVEL”的不匹配项: 值“0”不匹配值“2”(Banana.obj 中)
libcef_dll_wrapper.lib(print_handler_cpptoc.obj) : error LNK2038: 检测到“RuntimeLibrary”的不匹配项: 值“MT_StaticRelease”不匹配值“MDd_DynamicDebug”(Banana.obj 中)
libcef_dll_wrapper.lib(load_handler_cpptoc.obj) : error LNK2038: 检测到“_ITERATOR_DEBUG_LEVEL”的不匹配项: 值“0”不匹配值“2”(Banana.obj 中)
libcef_dll_wrapper.lib(load_handler_cpptoc.obj) : error LNK2038: 检测到“RuntimeLibrary”的不匹配项: 值“MT_StaticRelease”不匹配值“MDd_DynamicDebug”(Banana.obj 中)
libcef_dll_wrapper.lib(domnode_ctocpp.obj) : error LNK2038: 检测到“_ITERATOR_DEBUG_LEVEL”的不匹配项: 值“0”不匹配值“2”(Banana.obj 中)
libcef_dll_wrapper.lib(domnode_ctocpp.obj) : error LNK2038: 检测到“RuntimeLibrary”的不匹配项: 值“MT_StaticRelease”不匹配值“MDd_DynamicDebug”(Banana.obj 中)
libcef_dll_wrapper.lib(process_message_ctocpp.obj) : error LNK2038: 检测到“_ITERATOR_DEBUG_LEVEL”的不匹配项: 值“0”不匹配值“2”(Banana.obj 中)
libcef_dll_wrapper.lib(process_message_ctocpp.obj) : error LNK2038: 检测到“RuntimeLibrary”的不匹配项: 值“MT_StaticRelease”不匹配值“MDd_DynamicDebug”(Banana.obj 中)
libcef_dll_wrapper.lib(v8context_ctocpp.obj) : error LNK2038: 检测到“_ITERATOR_DEBUG_LEVEL”的不匹配项: 值“0”不匹配值“2”(Banana.obj 中)
libcef_dll_wrapper.lib(v8context_ctocpp.obj) : error LNK2038: 检测到“RuntimeLibrary”的不匹配项: 值“MT_StaticRelease”不匹配值“MDd_DynamicDebug”(Banana.obj 中)
libcef_dll_wrapper.lib(v8exception_ctocpp.obj) : error LNK2038: 检测到“_ITERATOR_DEBUG_LEVEL”的不匹配项: 值“0”不匹配值“2”(Banana.obj 中)
libcef_dll_wrapper.lib(v8exception_ctocpp.obj) : error LNK2038: 检测到“RuntimeLibrary”的不匹配项: 值“MT_StaticRelease”不匹配值“MDd_DynamicDebug”(Banana.obj 中)
libcef_dll_wrapper.lib(v8stack_trace_ctocpp.obj) : error LNK2038: 检测到“_ITERATOR_DEBUG_LEVEL”的不匹配项: 值“0”不匹配值“2”(Banana.obj 中)
libcef_dll_wrapper.lib(v8stack_trace_ctocpp.obj) : error LNK2038: 检测到“RuntimeLibrary”的不匹配项: 值“MT_StaticRelease”不匹配值“MDd_DynamicDebug”(Banana.obj 中)
libcef_dll_wrapper.lib(callback_ctocpp.obj) : error LNK2038: 检测到“_ITERATOR_DEBUG_LEVEL”的不匹配项: 值“0”不匹配值“2”(Banana.obj 中)
libcef_dll_wrapper.lib(callback_ctocpp.obj) : error LNK2038: 检测到“RuntimeLibrary”的不匹配项: 值“MT_StaticRelease”不匹配值“MDd_DynamicDebug”(Banana.obj 中)
libcef_dll_wrapper.lib(response_ctocpp.obj) : error LNK2038: 检测到“_ITERATOR_DEBUG_LEVEL”的不匹配项: 值“0”不匹配值“2”(Banana.obj 中)
libcef_dll_wrapper.lib(response_ctocpp.obj) : error LNK2038: 检测到“RuntimeLibrary”的不匹配项: 值“MT_StaticRelease”不匹配值“MDd_DynamicDebug”(Banana.obj 中)
libcef_dll_wrapper.lib(browser_host_ctocpp.obj) : error LNK2038: 检测到“_ITERATOR_DEBUG_LEVEL”的不匹配项: 值“0”不匹配值“2”(Banana.obj 中)
libcef_dll_wrapper.lib(browser_host_ctocpp.obj) : error LNK2038: 检测到“RuntimeLibrary”的不匹配项: 值“MT_StaticRelease”不匹配值“MDd_DynamicDebug”(Banana.obj 中)
libcef_dll_wrapper.lib(domvisitor_cpptoc.obj) : error LNK2038: 检测到“_ITERATOR_DEBUG_LEVEL”的不匹配项: 值“0”不匹配值“2”(Banana.obj 中)
libcef_dll_wrapper.lib(domvisitor_cpptoc.obj) : error LNK2038: 检测到“RuntimeLibrary”的不匹配项: 值“MT_StaticRelease”不匹配值“MDd_DynamicDebug”(Banana.obj 中)
libcef_dll_wrapper.lib(string_visitor_cpptoc.obj) : error LNK2038: 检测到“_ITERATOR_DEBUG_LEVEL”的不匹配项: 值“0”不匹配值“2”(Banana.obj 中)
libcef_dll_wrapper.lib(string_visitor_cpptoc.obj) : error LNK2038: 检测到“RuntimeLibrary”的不匹配项: 值“MT_StaticRelease”不匹配值“MDd_DynamicDebug”(Banana.obj 中)
libcef_dll_wrapper.lib(post_data_ctocpp.obj) : error LNK2038: 检测到“_ITERATOR_DEBUG_LEVEL”的不匹配项: 值“0”不匹配值“2”(Banana.obj 中)
libcef_dll_wrapper.lib(post_data_ctocpp.obj) : error LNK2038: 检测到“RuntimeLibrary”的不匹配项: 值“MT_StaticRelease”不匹配值“MDd_DynamicDebug”(Banana.obj 中)
libcef_dll_wrapper.lib(base_cpptoc.obj) : error LNK2038: 检测到“_ITERATOR_DEBUG_LEVEL”的不匹配项: 值“0”不匹配值“2”(Banana.obj 中)
libcef_dll_wrapper.lib(base_cpptoc.obj) : error LNK2038: 检测到“RuntimeLibrary”的不匹配项: 值“MT_StaticRelease”不匹配值“MDd_DynamicDebug”(Banana.obj 中)
libcef_dll_wrapper.lib(v8accessor_cpptoc.obj) : error LNK2038: 检测到“_ITERATOR_DEBUG_LEVEL”的不匹配项: 值“0”不匹配值“2”(Banana.obj 中)
libcef_dll_wrapper.lib(v8accessor_cpptoc.obj) : error LNK2038: 检测到“RuntimeLibrary”的不匹配项: 值“MT_StaticRelease”不匹配值“MDd_DynamicDebug”(Banana.obj 中)
libcef_dll_wrapper.lib(print_dialog_callback_ctocpp.obj) : error LNK2038: 检测到“_ITERATOR_DEBUG_LEVEL”的不匹配项: 值“0”不匹配值“2”(Banana.obj 中)
libcef_dll_wrapper.lib(print_dialog_callback_ctocpp.obj) : error LNK2038: 检测到“RuntimeLibrary”的不匹配项: 值“MT_StaticRelease”不匹配值“MDd_DynamicDebug”(Banana.obj 中)
libcef_dll_wrapper.lib(print_job_callback_ctocpp.obj) : error LNK2038: 检测到“_ITERATOR_DEBUG_LEVEL”的不匹配项: 值“0”不匹配值“2”(Banana.obj 中)
libcef_dll_wrapper.lib(print_job_callback_ctocpp.obj) : error LNK2038: 检测到“RuntimeLibrary”的不匹配项: 值“MT_StaticRelease”不匹配值“MDd_DynamicDebug”(Banana.obj 中)
libcef_dll_wrapper.lib(print_settings_ctocpp.obj) : error LNK2038: 检测到“_ITERATOR_DEBUG_LEVEL”的不匹配项: 值“0”不匹配值“2”(Banana.obj 中)
libcef_dll_wrapper.lib(print_settings_ctocpp.obj) : error LNK2038: 检测到“RuntimeLibrary”的不匹配项: 值“MT_StaticRelease”不匹配值“MDd_DynamicDebug”(Banana.obj 中)
libcef_dll_wrapper.lib(domdocument_ctocpp.obj) : error LNK2038: 检测到“_ITERATOR_DEBUG_LEVEL”的不匹配项: 值“0”不匹配值“2”(Banana.obj 中)
libcef_dll_wrapper.lib(domdocument_ctocpp.obj) : error LNK2038: 检测到“RuntimeLibrary”的不匹配项: 值“MT_StaticRelease”不匹配值“MDd_DynamicDebug”(Banana.obj 中)
libcef_dll_wrapper.lib(task_runner_ctocpp.obj) : error LNK2038: 检测到“_ITERATOR_DEBUG_LEVEL”的不匹配项: 值“0”不匹配值“2”(Banana.obj 中)
libcef_dll_wrapper.lib(task_runner_ctocpp.obj) : error LNK2038: 检测到“RuntimeLibrary”的不匹配项: 值“MT_StaticRelease”不匹配值“MDd_DynamicDebug”(Banana.obj 中)
libcef_dll_wrapper.lib(v8stack_frame_ctocpp.obj) : error LNK2038: 检测到“_ITERATOR_DEBUG_LEVEL”的不匹配项: 值“0”不匹配值“2”(Banana.obj 中)
libcef_dll_wrapper.lib(v8stack_frame_ctocpp.obj) : error LNK2038: 检测到“RuntimeLibrary”的不匹配项: 值“MT_StaticRelease”不匹配值“MDd_DynamicDebug”(Banana.obj 中)
libcef_dll_wrapper.lib(client_cpptoc.obj) : error LNK2038: 检测到“_ITERATOR_DEBUG_LEVEL”的不匹配项: 值“0”不匹配值“2”(Banana.obj 中)
libcef_dll_wrapper.lib(client_cpptoc.obj) : error LNK2038: 检测到“RuntimeLibrary”的不匹配项: 值“MT_StaticRelease”不匹配值“MDd_DynamicDebug”(Banana.obj 中)
libcef_dll_wrapper.lib(download_image_callback_cpptoc.obj) : error LNK2038: 检测到“_ITERATOR_DEBUG_LEVEL”的不匹配项: 值“0”不匹配值“2”(Banana.obj 中)
libcef_dll_wrapper.lib(download_image_callback_cpptoc.obj) : error LNK2038: 检测到“RuntimeLibrary”的不匹配项: 值“MT_StaticRelease”不匹配值“MDd_DynamicDebug”(Banana.obj 中)
libcef_dll_wrapper.lib(navigation_entry_visitor_cpptoc.obj) : error LNK2038: 检测到“_ITERATOR_DEBUG_LEVEL”的不匹配项: 值“0”不匹配值“2”(Banana.obj 中)
libcef_dll_wrapper.lib(navigation_entry_visitor_cpptoc.obj) : error LNK2038: 检测到“RuntimeLibrary”的不匹配项: 值“MT_StaticRelease”不匹配值“MDd_DynamicDebug”(Banana.obj 中)
libcef_dll_wrapper.lib(pdf_print_callback_cpptoc.obj) : error LNK2038: 检测到“_ITERATOR_DEBUG_LEVEL”的不匹配项: 值“0”不匹配值“2”(Banana.obj 中)
libcef_dll_wrapper.lib(pdf_print_callback_cpptoc.obj) : error LNK2038: 检测到“RuntimeLibrary”的不匹配项: 值“MT_StaticRelease”不匹配值“MDd_DynamicDebug”(Banana.obj 中)
libcef_dll_wrapper.lib(run_file_dialog_callback_cpptoc.obj) : error LNK2038: 检测到“_ITERATOR_DEBUG_LEVEL”的不匹配项: 值“0”不匹配值“2”(Banana.obj 中)
libcef_dll_wrapper.lib(run_file_dialog_callback_cpptoc.obj) : error LNK2038: 检测到“RuntimeLibrary”的不匹配项: 值“MT_StaticRelease”不匹配值“MDd_DynamicDebug”(Banana.obj 中)
libcef_dll_wrapper.lib(drag_data_ctocpp.obj) : error LNK2038: 检测到“_ITERATOR_DEBUG_LEVEL”的不匹配项: 值“0”不匹配值“2”(Banana.obj 中)
libcef_dll_wrapper.lib(drag_data_ctocpp.obj) : error LNK2038: 检测到“RuntimeLibrary”的不匹配项: 值“MT_StaticRelease”不匹配值“MDd_DynamicDebug”(Banana.obj 中)
libcef_dll_wrapper.lib(request_context_ctocpp.obj) : error LNK2038: 检测到“_ITERATOR_DEBUG_LEVEL”的不匹配项: 值“0”不匹配值“2”(Banana.obj 中)
libcef_dll_wrapper.lib(request_context_ctocpp.obj) : error LNK2038: 检测到“RuntimeLibrary”的不匹配项: 值“MT_StaticRelease”不匹配值“MDd_DynamicDebug”(Banana.obj 中)
libcef_dll_wrapper.lib(post_data_element_ctocpp.obj) : error LNK2038: 检测到“_ITERATOR_DEBUG_LEVEL”的不匹配项: 值“0”不匹配值“2”(Banana.obj 中)
libcef_dll_wrapper.lib(post_data_element_ctocpp.obj) : error LNK2038: 检测到“RuntimeLibrary”的不匹配项: 值“MT_StaticRelease”不匹配值“MDd_DynamicDebug”(Banana.obj 中)
libcef_dll_wrapper.lib(context_menu_handler_cpptoc.obj) : error LNK2038: 检测到“_ITERATOR_DEBUG_LEVEL”的不匹配项: 值“0”不匹配值“2”(Banana.obj 中)
libcef_dll_wrapper.lib(context_menu_handler_cpptoc.obj) : error LNK2038: 检测到“RuntimeLibrary”的不匹配项: 值“MT_StaticRelease”不匹配值“MDd_DynamicDebug”(Banana.obj 中)
libcef_dll_wrapper.lib(dialog_handler_cpptoc.obj) : error LNK2038: 检测到“_ITERATOR_DEBUG_LEVEL”的不匹配项: 值“0”不匹配值“2”(Banana.obj 中)
libcef_dll_wrapper.lib(dialog_handler_cpptoc.obj) : error LNK2038: 检测到“RuntimeLibrary”的不匹配项: 值“MT_StaticRelease”不匹配值“MDd_DynamicDebug”(Banana.obj 中)
libcef_dll_wrapper.lib(display_handler_cpptoc.obj) : error LNK2038: 检测到“_ITERATOR_DEBUG_LEVEL”的不匹配项: 值“0”不匹配值“2”(Banana.obj 中)
libcef_dll_wrapper.lib(display_handler_cpptoc.obj) : error LNK2038: 检测到“RuntimeLibrary”的不匹配项: 值“MT_StaticRelease”不匹配值“MDd_DynamicDebug”(Banana.obj 中)
libcef_dll_wrapper.lib(download_handler_cpptoc.obj) : error LNK2038: 检测到“_ITERATOR_DEBUG_LEVEL”的不匹配项: 值“0”不匹配值“2”(Banana.obj 中)
libcef_dll_wrapper.lib(download_handler_cpptoc.obj) : error LNK2038: 检测到“RuntimeLibrary”的不匹配项: 值“MT_StaticRelease”不匹配值“MDd_DynamicDebug”(Banana.obj 中)
libcef_dll_wrapper.lib(drag_handler_cpptoc.obj) : error LNK2038: 检测到“_ITERATOR_DEBUG_LEVEL”的不匹配项: 值“0”不匹配值“2”(Banana.obj 中)
libcef_dll_wrapper.lib(drag_handler_cpptoc.obj) : error LNK2038: 检测到“RuntimeLibrary”的不匹配项: 值“MT_StaticRelease”不匹配值“MDd_DynamicDebug”(Banana.obj 中)
libcef_dll_wrapper.lib(find_handler_cpptoc.obj) : error LNK2038: 检测到“_ITERATOR_DEBUG_LEVEL”的不匹配项: 值“0”不匹配值“2”(Banana.obj 中)
libcef_dll_wrapper.lib(find_handler_cpptoc.obj) : error LNK2038: 检测到“RuntimeLibrary”的不匹配项: 值“MT_StaticRelease”不匹配值“MDd_DynamicDebug”(Banana.obj 中)
libcef_dll_wrapper.lib(focus_handler_cpptoc.obj) : error LNK2038: 检测到“_ITERATOR_DEBUG_LEVEL”的不匹配项: 值“0”不匹配值“2”(Banana.obj 中)
libcef_dll_wrapper.lib(focus_handler_cpptoc.obj) : error LNK2038: 检测到“RuntimeLibrary”的不匹配项: 值“MT_StaticRelease”不匹配值“MDd_DynamicDebug”(Banana.obj 中)
libcef_dll_wrapper.lib(geolocation_handler_cpptoc.obj) : error LNK2038: 检测到“_ITERATOR_DEBUG_LEVEL”的不匹配项: 值“0”不匹配值“2”(Banana.obj 中)
libcef_dll_wrapper.lib(geolocation_handler_cpptoc.obj) : error LNK2038: 检测到“RuntimeLibrary”的不匹配项: 值“MT_StaticRelease”不匹配值“MDd_DynamicDebug”(Banana.obj 中)
libcef_dll_wrapper.lib(jsdialog_handler_cpptoc.obj) : error LNK2038: 检测到“_ITERATOR_DEBUG_LEVEL”的不匹配项: 值“0”不匹配值“2”(Banana.obj 中)
libcef_dll_wrapper.lib(jsdialog_handler_cpptoc.obj) : error LNK2038: 检测到“RuntimeLibrary”的不匹配项: 值“MT_StaticRelease”不匹配值“MDd_DynamicDebug”(Banana.obj 中)
libcef_dll_wrapper.lib(keyboard_handler_cpptoc.obj) : error LNK2038: 检测到“_ITERATOR_DEBUG_LEVEL”的不匹配项: 值“0”不匹配值“2”(Banana.obj 中)
libcef_dll_wrapper.lib(keyboard_handler_cpptoc.obj) : error LNK2038: 检测到“RuntimeLibrary”的不匹配项: 值“MT_StaticRelease”不匹配值“MDd_DynamicDebug”(Banana.obj 中)
libcef_dll_wrapper.lib(life_span_handler_cpptoc.obj) : error LNK2038: 检测到“_ITERATOR_DEBUG_LEVEL”的不匹配项: 值“0”不匹配值“2”(Banana.obj 中)
libcef_dll_wrapper.lib(life_span_handler_cpptoc.obj) : error LNK2038: 检测到“RuntimeLibrary”的不匹配项: 值“MT_StaticRelease”不匹配值“MDd_DynamicDebug”(Banana.obj 中)
libcef_dll_wrapper.lib(render_handler_cpptoc.obj) : error LNK2038: 检测到“_ITERATOR_DEBUG_LEVEL”的不匹配项: 值“0”不匹配值“2”(Banana.obj 中)
libcef_dll_wrapper.lib(render_handler_cpptoc.obj) : error LNK2038: 检测到“RuntimeLibrary”的不匹配项: 值“MT_StaticRelease”不匹配值“MDd_DynamicDebug”(Banana.obj 中)
libcef_dll_wrapper.lib(request_handler_cpptoc.obj) : error LNK2038: 检测到“_ITERATOR_DEBUG_LEVEL”的不匹配项: 值“0”不匹配值“2”(Banana.obj 中)
libcef_dll_wrapper.lib(request_handler_cpptoc.obj) : error LNK2038: 检测到“RuntimeLibrary”的不匹配项: 值“MT_StaticRelease”不匹配值“MDd_DynamicDebug”(Banana.obj 中)
libcef_dll_wrapper.lib(image_ctocpp.obj) : error LNK2038: 检测到“_ITERATOR_DEBUG_LEVEL”的不匹配项: 值“0”不匹配值“2”(Banana.obj 中)
libcef_dll_wrapper.lib(image_ctocpp.obj) : error LNK2038: 检测到“RuntimeLibrary”的不匹配项: 值“MT_StaticRelease”不匹配值“MDd_DynamicDebug”(Banana.obj 中)
libcef_dll_wrapper.lib(navigation_entry_ctocpp.obj) : error LNK2038: 检测到“_ITERATOR_DEBUG_LEVEL”的不匹配项: 值“0”不匹配值“2”(Banana.obj 中)
libcef_dll_wrapper.lib(navigation_entry_ctocpp.obj) : error LNK2038: 检测到“RuntimeLibrary”的不匹配项: 值“MT_StaticRelease”不匹配值“MDd_DynamicDebug”(Banana.obj 中)
libcef_dll_wrapper.lib(stream_writer_ctocpp.obj) : error LNK2038: 检测到“_ITERATOR_DEBUG_LEVEL”的不匹配项: 值“0”不匹配值“2”(Banana.obj 中)
libcef_dll_wrapper.lib(stream_writer_ctocpp.obj) : error LNK2038: 检测到“RuntimeLibrary”的不匹配项: 值“MT_StaticRelease”不匹配值“MDd_DynamicDebug”(Banana.obj 中)
libcef_dll_wrapper.lib(request_context_handler_cpptoc.obj) : error LNK2038: 检测到“_ITERATOR_DEBUG_LEVEL”的不匹配项: 值“0”不匹配值“2”(Banana.obj 中)
libcef_dll_wrapper.lib(request_context_handler_cpptoc.obj) : error LNK2038: 检测到“RuntimeLibrary”的不匹配项: 值“MT_StaticRelease”不匹配值“MDd_DynamicDebug”(Banana.obj 中)
libcef_dll_wrapper.lib(resolve_callback_cpptoc.obj) : error LNK2038: 检测到“_ITERATOR_DEBUG_LEVEL”的不匹配项: 值“0”不匹配值“2”(Banana.obj 中)
libcef_dll_wrapper.lib(resolve_callback_cpptoc.obj) : error LNK2038: 检测到“RuntimeLibrary”的不匹配项: 值“MT_StaticRelease”不匹配值“MDd_DynamicDebug”(Banana.obj 中)
libcef_dll_wrapper.lib(cookie_manager_ctocpp.obj) : error LNK2038: 检测到“_ITERATOR_DEBUG_LEVEL”的不匹配项: 值“0”不匹配值“2”(Banana.obj 中)
libcef_dll_wrapper.lib(cookie_manager_ctocpp.obj) : error LNK2038: 检测到“RuntimeLibrary”的不匹配项: 值“MT_StaticRelease”不匹配值“MDd_DynamicDebug”(Banana.obj 中)
libcef_dll_wrapper.lib(context_menu_params_ctocpp.obj) : error LNK2038: 检测到“_ITERATOR_DEBUG_LEVEL”的不匹配项: 值“0”不匹配值“2”(Banana.obj 中)
libcef_dll_wrapper.lib(context_menu_params_ctocpp.obj) : error LNK2038: 检测到“RuntimeLibrary”的不匹配项: 值“MT_StaticRelease”不匹配值“MDd_DynamicDebug”(Banana.obj 中)
libcef_dll_wrapper.lib(menu_model_ctocpp.obj) : error LNK2038: 检测到“_ITERATOR_DEBUG_LEVEL”的不匹配项: 值“0”不匹配值“2”(Banana.obj 中)
libcef_dll_wrapper.lib(menu_model_ctocpp.obj) : error LNK2038: 检测到“RuntimeLibrary”的不匹配项: 值“MT_StaticRelease”不匹配值“MDd_DynamicDebug”(Banana.obj 中)
libcef_dll_wrapper.lib(run_context_menu_callback_ctocpp.obj) : error LNK2038: 检测到“_ITERATOR_DEBUG_LEVEL”的不匹配项: 值“0”不匹配值“2”(Banana.obj 中)
libcef_dll_wrapper.lib(run_context_menu_callback_ctocpp.obj) : error LNK2038: 检测到“RuntimeLibrary”的不匹配项: 值“MT_StaticRelease”不匹配值“MDd_DynamicDebug”(Banana.obj 中)
libcef_dll_wrapper.lib(file_dialog_callback_ctocpp.obj) : error LNK2038: 检测到“_ITERATOR_DEBUG_LEVEL”的不匹配项: 值“0”不匹配值“2”(Banana.obj 中)
libcef_dll_wrapper.lib(file_dialog_callback_ctocpp.obj) : error LNK2038: 检测到“RuntimeLibrary”的不匹配项: 值“MT_StaticRelease”不匹配值“MDd_DynamicDebug”(Banana.obj 中)
libcef_dll_wrapper.lib(before_download_callback_ctocpp.obj) : error LNK2038: 检测到“_ITERATOR_DEBUG_LEVEL”的不匹配项: 值“0”不匹配值“2”(Banana.obj 中)
libcef_dll_wrapper.lib(before_download_callback_ctocpp.obj) : error LNK2038: 检测到“RuntimeLibrary”的不匹配项: 值“MT_StaticRelease”不匹配值“MDd_DynamicDebug”(Banana.obj 中)
libcef_dll_wrapper.lib(download_item_ctocpp.obj) : error LNK2038: 检测到“_ITERATOR_DEBUG_LEVEL”的不匹配项: 值“0”不匹配值“2”(Banana.obj 中)
libcef_dll_wrapper.lib(download_item_ctocpp.obj) : error LNK2038: 检测到“RuntimeLibrary”的不匹配项: 值“MT_StaticRelease”不匹配值“MDd_DynamicDebug”(Banana.obj 中)
libcef_dll_wrapper.lib(download_item_callback_ctocpp.obj) : error LNK2038: 检测到“_ITERATOR_DEBUG_LEVEL”的不匹配项: 值“0”不匹配值“2”(Banana.obj 中)
libcef_dll_wrapper.lib(download_item_callback_ctocpp.obj) : error LNK2038: 检测到“RuntimeLibrary”的不匹配项: 值“MT_StaticRelease”不匹配值“MDd_DynamicDebug”(Banana.obj 中)
libcef_dll_wrapper.lib(geolocation_callback_ctocpp.obj) : error LNK2038: 检测到“_ITERATOR_DEBUG_LEVEL”的不匹配项: 值“0”不匹配值“2”(Banana.obj 中)
libcef_dll_wrapper.lib(geolocation_callback_ctocpp.obj) : error LNK2038: 检测到“RuntimeLibrary”的不匹配项: 值“MT_StaticRelease”不匹配值“MDd_DynamicDebug”(Banana.obj 中)
libcef_dll_wrapper.lib(jsdialog_callback_ctocpp.obj) : error LNK2038: 检测到“_ITERATOR_DEBUG_LEVEL”的不匹配项: 值“0”不匹配值“2”(Banana.obj 中)
libcef_dll_wrapper.lib(jsdialog_callback_ctocpp.obj) : error LNK2038: 检测到“RuntimeLibrary”的不匹配项: 值“MT_StaticRelease”不匹配值“MDd_DynamicDebug”(Banana.obj 中)
libcef_dll_wrapper.lib(response_filter_cpptoc.obj) : error LNK2038: 检测到“_ITERATOR_DEBUG_LEVEL”的不匹配项: 值“0”不匹配值“2”(Banana.obj 中)
libcef_dll_wrapper.lib(response_filter_cpptoc.obj) : error LNK2038: 检测到“RuntimeLibrary”的不匹配项: 值“MT_StaticRelease”不匹配值“MDd_DynamicDebug”(Banana.obj 中)
libcef_dll_wrapper.lib(auth_callback_ctocpp.obj) : error LNK2038: 检测到“_ITERATOR_DEBUG_LEVEL”的不匹配项: 值“0”不匹配值“2”(Banana.obj 中)
libcef_dll_wrapper.lib(auth_callback_ctocpp.obj) : error LNK2038: 检测到“RuntimeLibrary”的不匹配项: 值“MT_StaticRelease”不匹配值“MDd_DynamicDebug”(Banana.obj 中)
libcef_dll_wrapper.lib(request_callback_ctocpp.obj) : error LNK2038: 检测到“_ITERATOR_DEBUG_LEVEL”的不匹配项: 值“0”不匹配值“2”(Banana.obj 中)
libcef_dll_wrapper.lib(request_callback_ctocpp.obj) : error LNK2038: 检测到“RuntimeLibrary”的不匹配项: 值“MT_StaticRelease”不匹配值“MDd_DynamicDebug”(Banana.obj 中)
libcef_dll_wrapper.lib(sslinfo_ctocpp.obj) : error LNK2038: 检测到“_ITERATOR_DEBUG_LEVEL”的不匹配项: 值“0”不匹配值“2”(Banana.obj 中)
libcef_dll_wrapper.lib(sslinfo_ctocpp.obj) : error LNK2038: 检测到“RuntimeLibrary”的不匹配项: 值“MT_StaticRelease”不匹配值“MDd_DynamicDebug”(Banana.obj 中)
libcef_dll_wrapper.lib(write_handler_cpptoc.obj) : error LNK2038: 检测到“_ITERATOR_DEBUG_LEVEL”的不匹配项: 值“0”不匹配值“2”(Banana.obj 中)
libcef_dll_wrapper.lib(write_handler_cpptoc.obj) : error LNK2038: 检测到“RuntimeLibrary”的不匹配项: 值“MT_StaticRelease”不匹配值“MDd_DynamicDebug”(Banana.obj 中)
libcef_dll_wrapper.lib(cookie_visitor_cpptoc.obj) : error LNK2038: 检测到“_ITERATOR_DEBUG_LEVEL”的不匹配项: 值“0”不匹配值“2”(Banana.obj 中)
libcef_dll_wrapper.lib(cookie_visitor_cpptoc.obj) : error LNK2038: 检测到“RuntimeLibrary”的不匹配项: 值“MT_StaticRelease”不匹配值“MDd_DynamicDebug”(Banana.obj 中)
libcef_dll_wrapper.lib(delete_cookies_callback_cpptoc.obj) : error LNK2038: 检测到“_ITERATOR_DEBUG_LEVEL”的不匹配项: 值“0”不匹配值“2”(Banana.obj 中)
libcef_dll_wrapper.lib(delete_cookies_callback_cpptoc.obj) : error LNK2038: 检测到“RuntimeLibrary”的不匹配项: 值“MT_StaticRelease”不匹配值“MDd_DynamicDebug”(Banana.obj 中)
libcef_dll_wrapper.lib(set_cookie_callback_cpptoc.obj) : error LNK2038: 检测到“_ITERATOR_DEBUG_LEVEL”的不匹配项: 值“0”不匹配值“2”(Banana.obj 中)
libcef_dll_wrapper.lib(set_cookie_callback_cpptoc.obj) : error LNK2038: 检测到“RuntimeLibrary”的不匹配项: 值“MT_StaticRelease”不匹配值“MDd_DynamicDebug”(Banana.obj 中)
libcef_dll_wrapper.lib(menu_model_delegate_cpptoc.obj) : error LNK2038: 检测到“_ITERATOR_DEBUG_LEVEL”的不匹配项: 值“0”不匹配值“2”(Banana.obj 中)
libcef_dll_wrapper.lib(menu_model_delegate_cpptoc.obj) : error LNK2038: 检测到“RuntimeLibrary”的不匹配项: 值“MT_StaticRelease”不匹配值“MDd_DynamicDebug”(Banana.obj 中)
libcef_dll_wrapper.lib(sslcert_principal_ctocpp.obj) : error LNK2038: 检测到“_ITERATOR_DEBUG_LEVEL”的不匹配项: 值“0”不匹配值“2”(Banana.obj 中)
libcef_dll_wrapper.lib(sslcert_principal_ctocpp.obj) : error LNK2038: 检测到“RuntimeLibrary”的不匹配项: 值“MT_StaticRelease”不匹配值“MDd_DynamicDebug”(Banana.obj 中)
msvcprtd.lib(MSVCP140D.dll) : error LNK2005: "public: class std::basic_ostream<char,struct std::char_traits<char> > & __thiscall std::basic_ostream<char,struct std::char_traits<char> >::flush(void)" (?flush@?$basic_ostream@DU?$char_traits@D@std@@@std@@QAEAAV12@XZ) 已经在 libcef_dll_wrapper.lib(libcef_dll_wrapper.obj) 中定义
libcpmt.lib(raisehan.obj) : error LNK2038: 检测到“_ITERATOR_DEBUG_LEVEL”的不匹配项: 值“0”不匹配值“2”(Banana.obj 中)
libcpmt.lib(raisehan.obj) : error LNK2038: 检测到“RuntimeLibrary”的不匹配项: 值“MT_StaticRelease”不匹配值“MDd_DynamicDebug”(Banana.obj 中)
libcpmt.lib(ios.obj) : error LNK2038: 检测到“_ITERATOR_DEBUG_LEVEL”的不匹配项: 值“0”不匹配值“2”(Banana.obj 中)
libcpmt.lib(ios.obj) : error LNK2038: 检测到“RuntimeLibrary”的不匹配项: 值“MT_StaticRelease”不匹配值“MDd_DynamicDebug”(Banana.obj 中)
libcpmt.lib(ios.obj) : error LNK2005: "public: static void __cdecl std::ios_base::_Addstd(class std::ios_base *)" (?_Addstd@ios_base@std@@SAXPAV12@@Z) 已经在 msvcprtd.lib(MSVCP140D.dll) 中定义
libcpmt.lib(ios.obj) : error LNK2005: "private: static void __cdecl std::ios_base::_Ios_base_dtor(class std::ios_base *)" (?_Ios_base_dtor@ios_base@std@@CAXPAV12@@Z) 已经在 msvcprtd.lib(MSVCP140D.dll) 中定义
libcpmt.lib(locale0.obj) : error LNK2038: 检测到“_ITERATOR_DEBUG_LEVEL”的不匹配项: 值“0”不匹配值“2”(Banana.obj 中)
libcpmt.lib(locale0.obj) : error LNK2038: 检测到“RuntimeLibrary”的不匹配项: 值“MT_StaticRelease”不匹配值“MDd_DynamicDebug”(Banana.obj 中)
libcpmt.lib(locale0.obj) : error LNK2005: "void __cdecl std::_Facet_Register(class std::_Facet_base *)" (?_Facet_Register@std@@YAXPAV_Facet_base@1@@Z) 已经在 msvcprtd.lib(locale0_implib.obj) 中定义
libcpmt.lib(locale0.obj) : error LNK2005: "private: static class std::locale::_Locimp * __cdecl std::locale::_Getgloballocale(void)" (?_Getgloballocale@locale@std@@CAPAV_Locimp@12@XZ) 已经在 msvcprtd.lib(MSVCP140D.dll) 中定义
libcpmt.lib(locale0.obj) : error LNK2005: "private: static class std::locale::_Locimp * __cdecl std::locale::_Init(bool)" (?_Init@locale@std@@CAPAV_Locimp@12@_N@Z) 已经在 msvcprtd.lib(MSVCP140D.dll) 中定义
libcpmt.lib(locale0.obj) : error LNK2005: "public: static void __cdecl std::_Locinfo::_Locinfo_ctor(class std::_Locinfo *,char const *)" (?_Locinfo_ctor@_Locinfo@std@@SAXPAV12@PBD@Z) 已经在 msvcprtd.lib(MSVCP140D.dll) 中定义
libcpmt.lib(locale0.obj) : error LNK2005: "public: static void __cdecl std::_Locinfo::_Locinfo_dtor(class std::_Locinfo *)" (?_Locinfo_dtor@_Locinfo@std@@SAXPAV12@@Z) 已经在 msvcprtd.lib(MSVCP140D.dll) 中定义
libcpmt.lib(locale.obj) : error LNK2038: 检测到“_ITERATOR_DEBUG_LEVEL”的不匹配项: 值“0”不匹配值“2”(Banana.obj 中)
libcpmt.lib(locale.obj) : error LNK2038: 检测到“RuntimeLibrary”的不匹配项: 值“MT_StaticRelease”不匹配值“MDd_DynamicDebug”(Banana.obj 中)
libcpmt.lib(locale.obj) : error LNK2005: "public: int __thiscall std::ios_base::flags(void)const " (?flags@ios_base@std@@QBEHXZ) 已经在 msvcprtd.lib(MSVCP140D.dll) 中定义
libcpmt.lib(locale.obj) : error LNK2005: "public: int __thiscall std::basic_streambuf<char,struct std::char_traits<char> >::sputc(char)" (?sputc@?$basic_streambuf@DU?$char_traits@D@std@@@std@@QAEHD@Z) 已经在 msvcprtd.lib(MSVCP140D.dll) 中定义
libcpmt.lib(locale.obj) : error LNK2005: "public: __int64 __thiscall std::ios_base::width(__int64)" (?width@ios_base@std@@QAE_J_J@Z) 已经在 msvcprtd.lib(MSVCP140D.dll) 中定义
libcpmt.lib(locale.obj) : error LNK2005: "public: __int64 __thiscall std::ios_base::width(void)const " (?width@ios_base@std@@QBE_JXZ) 已经在 msvcprtd.lib(MSVCP140D.dll) 中定义
libcpmt.lib(iosptrs.obj) : error LNK2038: 检测到“_ITERATOR_DEBUG_LEVEL”的不匹配项: 值“0”不匹配值“2”(Banana.obj 中)
libcpmt.lib(iosptrs.obj) : error LNK2038: 检测到“RuntimeLibrary”的不匹配项: 值“MT_StaticRelease”不匹配值“MDd_DynamicDebug”(Banana.obj 中)
libcpmt.lib(xthrow.obj) : error LNK2038: 检测到“_ITERATOR_DEBUG_LEVEL”的不匹配项: 值“0”不匹配值“2”(Banana.obj 中)
libcpmt.lib(xthrow.obj) : error LNK2038: 检测到“RuntimeLibrary”的不匹配项: 值“MT_StaticRelease”不匹配值“MDd_DynamicDebug”(Banana.obj 中)
libcpmt.lib(xthrow.obj) : error LNK2005: "void __cdecl std::_Xbad_alloc(void)" (?_Xbad_alloc@std@@YAXXZ) 已经在 msvcprtd.lib(MSVCP140D.dll) 中定义
libcpmt.lib(xthrow.obj) : error LNK2005: "void __cdecl std::_Xlength_error(char const *)" (?_Xlength_error@std@@YAXPBD@Z) 已经在 msvcprtd.lib(MSVCP140D.dll) 中定义
libcpmt.lib(xthrow.obj) : error LNK2005: "void __cdecl std::_Xout_of_range(char const *)" (?_Xout_of_range@std@@YAXPBD@Z) 已经在 msvcprtd.lib(MSVCP140D.dll) 中定义
libcpmt.lib(wlocale.obj) : error LNK2038: 检测到“_ITERATOR_DEBUG_LEVEL”的不匹配项: 值“0”不匹配值“2”(Banana.obj 中)
libcpmt.lib(wlocale.obj) : error LNK2038: 检测到“RuntimeLibrary”的不匹配项: 值“MT_StaticRelease”不匹配值“MDd_DynamicDebug”(Banana.obj 中)
libcpmt.lib(wlocale.obj) : error LNK2005: "public: int __thiscall std::ios_base::flags(void)const " (?flags@ios_base@std@@QBEHXZ) 已经在 msvcprtd.lib(MSVCP140D.dll) 中定义
libcpmt.lib(wlocale.obj) : error LNK2005: "public: __int64 __thiscall std::ios_base::width(__int64)" (?width@ios_base@std@@QAE_J_J@Z) 已经在 msvcprtd.lib(MSVCP140D.dll) 中定义
libcpmt.lib(wlocale.obj) : error LNK2005: "public: __int64 __thiscall std::ios_base::width(void)const " (?width@ios_base@std@@QBE_JXZ) 已经在 msvcprtd.lib(MSVCP140D.dll) 中定义
libcpmt.lib(xlocale.obj) : error LNK2038: 检测到“_ITERATOR_DEBUG_LEVEL”的不匹配项: 值“0”不匹配值“2”(Banana.obj 中)
libcpmt.lib(xlocale.obj) : error LNK2038: 检测到“RuntimeLibrary”的不匹配项: 值“MT_StaticRelease”不匹配值“MDd_DynamicDebug”(Banana.obj 中)
libcpmt.lib(xlocale.obj) : error LNK2005: "public: int __thiscall std::ios_base::flags(void)const " (?flags@ios_base@std@@QBEHXZ) 已经在 msvcprtd.lib(MSVCP140D.dll) 中定义
libcpmt.lib(xlocale.obj) : error LNK2005: "public: int __thiscall std::basic_streambuf<char,struct std::char_traits<char> >::sputc(char)" (?sputc@?$basic_streambuf@DU?$char_traits@D@std@@@std@@QAEHD@Z) 已经在 msvcprtd.lib(MSVCP140D.dll) 中定义
libcpmt.lib(xlocale.obj) : error LNK2005: "public: __int64 __thiscall std::ios_base::width(__int64)" (?width@ios_base@std@@QAE_J_J@Z) 已经在 msvcprtd.lib(MSVCP140D.dll) 中定义
libcpmt.lib(xlocale.obj) : error LNK2005: "public: __int64 __thiscall std::ios_base::width(void)const " (?width@ios_base@std@@QBE_JXZ) 已经在 msvcprtd.lib(MSVCP140D.dll) 中定义
libcpmt.lib(xstol.obj) : error LNK2038: 检测到“_ITERATOR_DEBUG_LEVEL”的不匹配项: 值“0”不匹配值“2”(Banana.obj 中)
libcpmt.lib(xstol.obj) : error LNK2038: 检测到“RuntimeLibrary”的不匹配项: 值“MT_StaticRelease”不匹配值“MDd_DynamicDebug”(Banana.obj 中)
libcpmt.lib(xstoul.obj) : error LNK2038: 检测到“_ITERATOR_DEBUG_LEVEL”的不匹配项: 值“0”不匹配值“2”(Banana.obj 中)
libcpmt.lib(xstoul.obj) : error LNK2038: 检测到“RuntimeLibrary”的不匹配项: 值“MT_StaticRelease”不匹配值“MDd_DynamicDebug”(Banana.obj 中)
libcpmt.lib(xstoll.obj) : error LNK2038: 检测到“_ITERATOR_DEBUG_LEVEL”的不匹配项: 值“0”不匹配值“2”(Banana.obj 中)
libcpmt.lib(xstoll.obj) : error LNK2038: 检测到“RuntimeLibrary”的不匹配项: 值“MT_StaticRelease”不匹配值“MDd_DynamicDebug”(Banana.obj 中)
libcpmt.lib(xstoull.obj) : error LNK2038: 检测到“_ITERATOR_DEBUG_LEVEL”的不匹配项: 值“0”不匹配值“2”(Banana.obj 中)
libcpmt.lib(xstoull.obj) : error LNK2038: 检测到“RuntimeLibrary”的不匹配项: 值“MT_StaticRelease”不匹配值“MDd_DynamicDebug”(Banana.obj 中)
libcpmt.lib(xlock.obj) : error LNK2038: 检测到“_ITERATOR_DEBUG_LEVEL”的不匹配项: 值“0”不匹配值“2”(Banana.obj 中)
libcpmt.lib(xlock.obj) : error LNK2038: 检测到“RuntimeLibrary”的不匹配项: 值“MT_StaticRelease”不匹配值“MDd_DynamicDebug”(Banana.obj 中)
libcpmt.lib(xlock.obj) : error LNK2005: "public: __thiscall std::_Lockit::_Lockit(int)" (??0_Lockit@std@@QAE@H@Z) 已经在 msvcprtd.lib(MSVCP140D.dll) 中定义
libcpmt.lib(xlock.obj) : error LNK2005: "public: __thiscall std::_Lockit::~_Lockit(void)" (??1_Lockit@std@@QAE@XZ) 已经在 msvcprtd.lib(MSVCP140D.dll) 中定义
libcpmt.lib(xstrcoll.obj) : error LNK2038: 检测到“_ITERATOR_DEBUG_LEVEL”的不匹配项: 值“0”不匹配值“2”(Banana.obj 中)
libcpmt.lib(xstrcoll.obj) : error LNK2038: 检测到“RuntimeLibrary”的不匹配项: 值“MT_StaticRelease”不匹配值“MDd_DynamicDebug”(Banana.obj 中)
libcpmt.lib(xdateord.obj) : error LNK2038: 检测到“_ITERATOR_DEBUG_LEVEL”的不匹配项: 值“0”不匹配值“2”(Banana.obj 中)
libcpmt.lib(xdateord.obj) : error LNK2038: 检测到“RuntimeLibrary”的不匹配项: 值“MT_StaticRelease”不匹配值“MDd_DynamicDebug”(Banana.obj 中)
libcpmt.lib(xmbtowc.obj) : error LNK2038: 检测到“_ITERATOR_DEBUG_LEVEL”的不匹配项: 值“0”不匹配值“2”(Banana.obj 中)
libcpmt.lib(xmbtowc.obj) : error LNK2038: 检测到“RuntimeLibrary”的不匹配项: 值“MT_StaticRelease”不匹配值“MDd_DynamicDebug”(Banana.obj 中)
libcpmt.lib(xwctomb.obj) : error LNK2038: 检测到“_ITERATOR_DEBUG_LEVEL”的不匹配项: 值“0”不匹配值“2”(Banana.obj 中)
libcpmt.lib(xwctomb.obj) : error LNK2038: 检测到“RuntimeLibrary”的不匹配项: 值“MT_StaticRelease”不匹配值“MDd_DynamicDebug”(Banana.obj 中)
libcpmt.lib(xwctomb.obj) : error LNK2005: __Getcvt 已经在 msvcprtd.lib(MSVCP140D.dll) 中定义
libcpmt.lib(xwcscoll.obj) : error LNK2038: 检测到“_ITERATOR_DEBUG_LEVEL”的不匹配项: 值“0”不匹配值“2”(Banana.obj 中)
libcpmt.lib(xwcscoll.obj) : error LNK2038: 检测到“RuntimeLibrary”的不匹配项: 值“MT_StaticRelease”不匹配值“MDd_DynamicDebug”(Banana.obj 中)
libcpmt.lib(xwcsxfrm.obj) : error LNK2038: 检测到“_ITERATOR_DEBUG_LEVEL”的不匹配项: 值“0”不匹配值“2”(Banana.obj 中)
libcpmt.lib(xwcsxfrm.obj) : error LNK2038: 检测到“RuntimeLibrary”的不匹配项: 值“MT_StaticRelease”不匹配值“MDd_DynamicDebug”(Banana.obj 中)
libcpmt.lib(xgetwctype.obj) : error LNK2038: 检测到“_ITERATOR_DEBUG_LEVEL”的不匹配项: 值“0”不匹配值“2”(Banana.obj 中)
libcpmt.lib(xgetwctype.obj) : error LNK2038: 检测到“RuntimeLibrary”的不匹配项: 值“MT_StaticRelease”不匹配值“MDd_DynamicDebug”(Banana.obj 中)
libcpmt.lib(xtowlower.obj) : error LNK2038: 检测到“_ITERATOR_DEBUG_LEVEL”的不匹配项: 值“0”不匹配值“2”(Banana.obj 中)
libcpmt.lib(xtowlower.obj) : error LNK2038: 检测到“RuntimeLibrary”的不匹配项: 值“MT_StaticRelease”不匹配值“MDd_DynamicDebug”(Banana.obj 中)
libcpmt.lib(xtowupper.obj) : error LNK2038: 检测到“_ITERATOR_DEBUG_LEVEL”的不匹配项: 值“0”不匹配值“2”(Banana.obj 中)
libcpmt.lib(xtowupper.obj) : error LNK2038: 检测到“RuntimeLibrary”的不匹配项: 值“MT_StaticRelease”不匹配值“MDd_DynamicDebug”(Banana.obj 中)
libcpmt.lib(xstrxfrm.obj) : error LNK2038: 检测到“_ITERATOR_DEBUG_LEVEL”的不匹配项: 值“0”不匹配值“2”(Banana.obj 中)
libcpmt.lib(xstrxfrm.obj) : error LNK2038: 检测到“RuntimeLibrary”的不匹配项: 值“MT_StaticRelease”不匹配值“MDd_DynamicDebug”(Banana.obj 中)
libcpmt.lib(xmtx.obj) : error LNK2038: 检测到“_ITERATOR_DEBUG_LEVEL”的不匹配项: 值“0”不匹配值“2”(Banana.obj 中)
libcpmt.lib(xmtx.obj) : error LNK2038: 检测到“RuntimeLibrary”的不匹配项: 值“MT_StaticRelease”不匹配值“MDd_DynamicDebug”(Banana.obj 中)
libcpmt.lib(StlCompareStringA.obj) : error LNK2038: 检测到“_ITERATOR_DEBUG_LEVEL”的不匹配项: 值“0”不匹配值“2”(Banana.obj 中)
libcpmt.lib(StlCompareStringA.obj) : error LNK2038: 检测到“RuntimeLibrary”的不匹配项: 值“MT_StaticRelease”不匹配值“MDd_DynamicDebug”(Banana.obj 中)
libcpmt.lib(winapinls.obj) : error LNK2038: 检测到“_ITERATOR_DEBUG_LEVEL”的不匹配项: 值“0”不匹配值“2”(Banana.obj 中)
libcpmt.lib(winapinls.obj) : error LNK2038: 检测到“RuntimeLibrary”的不匹配项: 值“MT_StaticRelease”不匹配值“MDd_DynamicDebug”(Banana.obj 中)
libcpmt.lib(StlCompareStringW.obj) : error LNK2038: 检测到“_ITERATOR_DEBUG_LEVEL”的不匹配项: 值“0”不匹配值“2”(Banana.obj 中)
libcpmt.lib(StlCompareStringW.obj) : error LNK2038: 检测到“RuntimeLibrary”的不匹配项: 值“MT_StaticRelease”不匹配值“MDd_DynamicDebug”(Banana.obj 中)
libcpmt.lib(StlLCMapStringW.obj) : error LNK2038: 检测到“_ITERATOR_DEBUG_LEVEL”的不匹配项: 值“0”不匹配值“2”(Banana.obj 中)
libcpmt.lib(StlLCMapStringW.obj) : error LNK2038: 检测到“RuntimeLibrary”的不匹配项: 值“MT_StaticRelease”不匹配值“MDd_DynamicDebug”(Banana.obj 中)
libcpmt.lib(StlLCMapStringA.obj) : error LNK2038: 检测到“_ITERATOR_DEBUG_LEVEL”的不匹配项: 值“0”不匹配值“2”(Banana.obj 中)
libcpmt.lib(StlLCMapStringA.obj) : error LNK2038: 检测到“RuntimeLibrary”的不匹配项: 值“MT_StaticRelease”不匹配值“MDd_DynamicDebug”(Banana.obj 中)
libcpmt.lib(winapisupp.obj) : error LNK2038: 检测到“_ITERATOR_DEBUG_LEVEL”的不匹配项: 值“0”不匹配值“2”(Banana.obj 中)
libcpmt.lib(winapisupp.obj) : error LNK2038: 检测到“RuntimeLibrary”的不匹配项: 值“MT_StaticRelease”不匹配值“MDd_DynamicDebug”(Banana.obj 中)
LINK : warning LNK4098: 默认库“LIBCMT”与其他库的使用冲突；请使用 /NODEFAULTLIB:library
E:\Github\Duilib_CEF\Debug\Banana.exe : fatal error LNK1169: 找到一个或多个多重定义的符号
