  Banana.cpp
E:\Github\Duilib_CEF\DuiLib\Utils\UIDelegate.h(217,44): warning C4251:  “DuiLib::CEventSource::m_aDelegates”: class“DuiLib::TStdPtrArray<DuiLib::CDelegateBase *>”需要有 dll 接口由 class“DuiLib::CEventSource”的客户端使用
E:\Github\Duilib_CEF\DuiLib\Utils\UIDelegate.h(217): message :  参见“DuiLib::TStdPtrArray<DuiLib::CDelegateBase *>”的声明
E:\Github\Duilib_CEF\DuiLib\Core\UIManager.h(49,3): warning C4091:  “typedef ”: 没有声明变量时忽略“DuiLib::EVENTTYPE_UI”的左侧
E:\Github\Duilib_CEF\DuiLib\Control\UIAnimation.h(77,47): warning C4251:  “DuiLib::CUIAnimation::m_arAnimations”: class“DuiLib::TStdPtrArray<DuiLib::CAnimationData *>”需要有 dll 接口由 class“DuiLib::CUIAnimation”的客户端使用
E:\Github\Duilib_CEF\DuiLib\Control\UIAnimation.h(77): message :  参见“DuiLib::TStdPtrArray<DuiLib::CAnimationData *>”的声明
E:\Github\Duilib_CEF\DuiLib\Control\UIMediaPlayer.h(38,38): warning C4251:  “DuiLib::CMediaPlayerUI::wmp_”: class“ATL::CComQIPtr<WMPLib::IWMPPlayer4,& _GUID_6c497d62_8919_413c_82db_e935fb3ec584>”需要有 dll 接口由 class“DuiLib::CMediaPlayerUI”的客户端使用
E:\Github\Duilib_CEF\DuiLib\Control\UIMediaPlayer.h(38): message :  参见“ATL::CComQIPtr<WMPLib::IWMPPlayer4,& _GUID_6c497d62_8919_413c_82db_e935fb3ec584>”的声明
  正在生成代码
  1 of 266 functions ( 0.4%) were compiled, the rest were copied from previous compilation.
    0 functions were new in current compilation
    0 functions had inline decision re-evaluated but remain unchanged
  已完成代码的生成
libcef_dll_wrapper.lib(transfer_util.obj) : warning LNK4099: 未找到 PDB“libcef_dll_wrapper.pdb”(使用“libcef_dll_wrapper.lib(transfer_util.obj)”或在“E:\Github\Duilib_CEF\Release\libcef_dll_wrapper.pdb”中寻找)；正在链接对象，如同没有调试信息一样
libcef_dll_wrapper.lib(app_cpptoc.obj) : warning LNK4099: 未找到 PDB“libcef_dll_wrapper.pdb”(使用“libcef_dll_wrapper.lib(app_cpptoc.obj)”或在“E:\Github\Duilib_CEF\Release\libcef_dll_wrapper.pdb”中寻找)；正在链接对象，如同没有调试信息一样
libcef_dll_wrapper.lib(base_cpptoc.obj) : warning LNK4099: 未找到 PDB“libcef_dll_wrapper.pdb”(使用“libcef_dll_wrapper.lib(base_cpptoc.obj)”或在“E:\Github\Duilib_CEF\Release\libcef_dll_wrapper.pdb”中寻找)；正在链接对象，如同没有调试信息一样
libcef_dll_wrapper.lib(browser_process_handler_cpptoc.obj) : warning LNK4099: 未找到 PDB“libcef_dll_wrapper.pdb”(使用“libcef_dll_wrapper.lib(browser_process_handler_cpptoc.obj)”或在“E:\Github\Duilib_CEF\Release\libcef_dll_wrapper.pdb”中寻找)；正在链接对象，如同没有调试信息一样
libcef_dll_wrapper.lib(client_cpptoc.obj) : warning LNK4099: 未找到 PDB“libcef_dll_wrapper.pdb”(使用“libcef_dll_wrapper.lib(client_cpptoc.obj)”或在“E:\Github\Duilib_CEF\Release\libcef_dll_wrapper.pdb”中寻找)；正在链接对象，如同没有调试信息一样
libcef_dll_wrapper.lib(completion_callback_cpptoc.obj) : warning LNK4099: 未找到 PDB“libcef_dll_wrapper.pdb”(使用“libcef_dll_wrapper.lib(completion_callback_cpptoc.obj)”或在“E:\Github\Duilib_CEF\Release\libcef_dll_wrapper.pdb”中寻找)；正在链接对象，如同没有调试信息一样
libcef_dll_wrapper.lib(context_menu_handler_cpptoc.obj) : warning LNK4099: 未找到 PDB“libcef_dll_wrapper.pdb”(使用“libcef_dll_wrapper.lib(context_menu_handler_cpptoc.obj)”或在“E:\Github\Duilib_CEF\Release\libcef_dll_wrapper.pdb”中寻找)；正在链接对象，如同没有调试信息一样
libcef_dll_wrapper.lib(cookie_visitor_cpptoc.obj) : warning LNK4099: 未找到 PDB“libcef_dll_wrapper.pdb”(使用“libcef_dll_wrapper.lib(cookie_visitor_cpptoc.obj)”或在“E:\Github\Duilib_CEF\Release\libcef_dll_wrapper.pdb”中寻找)；正在链接对象，如同没有调试信息一样
libcef_dll_wrapper.lib(delete_cookies_callback_cpptoc.obj) : warning LNK4099: 未找到 PDB“libcef_dll_wrapper.pdb”(使用“libcef_dll_wrapper.lib(delete_cookies_callback_cpptoc.obj)”或在“E:\Github\Duilib_CEF\Release\libcef_dll_wrapper.pdb”中寻找)；正在链接对象，如同没有调试信息一样
libcef_dll_wrapper.lib(dialog_handler_cpptoc.obj) : warning LNK4099: 未找到 PDB“libcef_dll_wrapper.pdb”(使用“libcef_dll_wrapper.lib(dialog_handler_cpptoc.obj)”或在“E:\Github\Duilib_CEF\Release\libcef_dll_wrapper.pdb”中寻找)；正在链接对象，如同没有调试信息一样
libcef_dll_wrapper.lib(display_handler_cpptoc.obj) : warning LNK4099: 未找到 PDB“libcef_dll_wrapper.pdb”(使用“libcef_dll_wrapper.lib(display_handler_cpptoc.obj)”或在“E:\Github\Duilib_CEF\Release\libcef_dll_wrapper.pdb”中寻找)；正在链接对象，如同没有调试信息一样
libcef_dll_wrapper.lib(domvisitor_cpptoc.obj) : warning LNK4099: 未找到 PDB“libcef_dll_wrapper.pdb”(使用“libcef_dll_wrapper.lib(domvisitor_cpptoc.obj)”或在“E:\Github\Duilib_CEF\Release\libcef_dll_wrapper.pdb”中寻找)；正在链接对象，如同没有调试信息一样
libcef_dll_wrapper.lib(download_handler_cpptoc.obj) : warning LNK4099: 未找到 PDB“libcef_dll_wrapper.pdb”(使用“libcef_dll_wrapper.lib(download_handler_cpptoc.obj)”或在“E:\Github\Duilib_CEF\Release\libcef_dll_wrapper.pdb”中寻找)；正在链接对象，如同没有调试信息一样
libcef_dll_wrapper.lib(download_image_callback_cpptoc.obj) : warning LNK4099: 未找到 PDB“libcef_dll_wrapper.pdb”(使用“libcef_dll_wrapper.lib(download_image_callback_cpptoc.obj)”或在“E:\Github\Duilib_CEF\Release\libcef_dll_wrapper.pdb”中寻找)；正在链接对象，如同没有调试信息一样
libcef_dll_wrapper.lib(drag_handler_cpptoc.obj) : warning LNK4099: 未找到 PDB“libcef_dll_wrapper.pdb”(使用“libcef_dll_wrapper.lib(drag_handler_cpptoc.obj)”或在“E:\Github\Duilib_CEF\Release\libcef_dll_wrapper.pdb”中寻找)；正在链接对象，如同没有调试信息一样
libcef_dll_wrapper.lib(end_tracing_callback_cpptoc.obj) : warning LNK4099: 未找到 PDB“libcef_dll_wrapper.pdb”(使用“libcef_dll_wrapper.lib(end_tracing_callback_cpptoc.obj)”或在“E:\Github\Duilib_CEF\Release\libcef_dll_wrapper.pdb”中寻找)；正在链接对象，如同没有调试信息一样
libcef_dll_wrapper.lib(find_handler_cpptoc.obj) : warning LNK4099: 未找到 PDB“libcef_dll_wrapper.pdb”(使用“libcef_dll_wrapper.lib(find_handler_cpptoc.obj)”或在“E:\Github\Duilib_CEF\Release\libcef_dll_wrapper.pdb”中寻找)；正在链接对象，如同没有调试信息一样
libcef_dll_wrapper.lib(focus_handler_cpptoc.obj) : warning LNK4099: 未找到 PDB“libcef_dll_wrapper.pdb”(使用“libcef_dll_wrapper.lib(focus_handler_cpptoc.obj)”或在“E:\Github\Duilib_CEF\Release\libcef_dll_wrapper.pdb”中寻找)；正在链接对象，如同没有调试信息一样
libcef_dll_wrapper.lib(geolocation_handler_cpptoc.obj) : warning LNK4099: 未找到 PDB“libcef_dll_wrapper.pdb”(使用“libcef_dll_wrapper.lib(geolocation_handler_cpptoc.obj)”或在“E:\Github\Duilib_CEF\Release\libcef_dll_wrapper.pdb”中寻找)；正在链接对象，如同没有调试信息一样
libcef_dll_wrapper.lib(get_geolocation_callback_cpptoc.obj) : warning LNK4099: 未找到 PDB“libcef_dll_wrapper.pdb”(使用“libcef_dll_wrapper.lib(get_geolocation_callback_cpptoc.obj)”或在“E:\Github\Duilib_CEF\Release\libcef_dll_wrapper.pdb”中寻找)；正在链接对象，如同没有调试信息一样
libcef_dll_wrapper.lib(jsdialog_handler_cpptoc.obj) : warning LNK4099: 未找到 PDB“libcef_dll_wrapper.pdb”(使用“libcef_dll_wrapper.lib(jsdialog_handler_cpptoc.obj)”或在“E:\Github\Duilib_CEF\Release\libcef_dll_wrapper.pdb”中寻找)；正在链接对象，如同没有调试信息一样
libcef_dll_wrapper.lib(keyboard_handler_cpptoc.obj) : warning LNK4099: 未找到 PDB“libcef_dll_wrapper.pdb”(使用“libcef_dll_wrapper.lib(keyboard_handler_cpptoc.obj)”或在“E:\Github\Duilib_CEF\Release\libcef_dll_wrapper.pdb”中寻找)；正在链接对象，如同没有调试信息一样
libcef_dll_wrapper.lib(life_span_handler_cpptoc.obj) : warning LNK4099: 未找到 PDB“libcef_dll_wrapper.pdb”(使用“libcef_dll_wrapper.lib(life_span_handler_cpptoc.obj)”或在“E:\Github\Duilib_CEF\Release\libcef_dll_wrapper.pdb”中寻找)；正在链接对象，如同没有调试信息一样
libcef_dll_wrapper.lib(load_handler_cpptoc.obj) : warning LNK4099: 未找到 PDB“libcef_dll_wrapper.pdb”(使用“libcef_dll_wrapper.lib(load_handler_cpptoc.obj)”或在“E:\Github\Duilib_CEF\Release\libcef_dll_wrapper.pdb”中寻找)；正在链接对象，如同没有调试信息一样
libcef_dll_wrapper.lib(menu_model_delegate_cpptoc.obj) : warning LNK4099: 未找到 PDB“libcef_dll_wrapper.pdb”(使用“libcef_dll_wrapper.lib(menu_model_delegate_cpptoc.obj)”或在“E:\Github\Duilib_CEF\Release\libcef_dll_wrapper.pdb”中寻找)；正在链接对象，如同没有调试信息一样
libcef_dll_wrapper.lib(navigation_entry_visitor_cpptoc.obj) : warning LNK4099: 未找到 PDB“libcef_dll_wrapper.pdb”(使用“libcef_dll_wrapper.lib(navigation_entry_visitor_cpptoc.obj)”或在“E:\Github\Duilib_CEF\Release\libcef_dll_wrapper.pdb”中寻找)；正在链接对象，如同没有调试信息一样
libcef_dll_wrapper.lib(pdf_print_callback_cpptoc.obj) : warning LNK4099: 未找到 PDB“libcef_dll_wrapper.pdb”(使用“libcef_dll_wrapper.lib(pdf_print_callback_cpptoc.obj)”或在“E:\Github\Duilib_CEF\Release\libcef_dll_wrapper.pdb”中寻找)；正在链接对象，如同没有调试信息一样
libcef_dll_wrapper.lib(print_handler_cpptoc.obj) : warning LNK4099: 未找到 PDB“libcef_dll_wrapper.pdb”(使用“libcef_dll_wrapper.lib(print_handler_cpptoc.obj)”或在“E:\Github\Duilib_CEF\Release\libcef_dll_wrapper.pdb”中寻找)；正在链接对象，如同没有调试信息一样
libcef_dll_wrapper.lib(render_handler_cpptoc.obj) : warning LNK4099: 未找到 PDB“libcef_dll_wrapper.pdb”(使用“libcef_dll_wrapper.lib(render_handler_cpptoc.obj)”或在“E:\Github\Duilib_CEF\Release\libcef_dll_wrapper.pdb”中寻找)；正在链接对象，如同没有调试信息一样
libcef_dll_wrapper.lib(render_process_handler_cpptoc.obj) : warning LNK4099: 未找到 PDB“libcef_dll_wrapper.pdb”(使用“libcef_dll_wrapper.lib(render_process_handler_cpptoc.obj)”或在“E:\Github\Duilib_CEF\Release\libcef_dll_wrapper.pdb”中寻找)；正在链接对象，如同没有调试信息一样
libcef_dll_wrapper.lib(request_context_handler_cpptoc.obj) : warning LNK4099: 未找到 PDB“libcef_dll_wrapper.pdb”(使用“libcef_dll_wrapper.lib(request_context_handler_cpptoc.obj)”或在“E:\Github\Duilib_CEF\Release\libcef_dll_wrapper.pdb”中寻找)；正在链接对象，如同没有调试信息一样
libcef_dll_wrapper.lib(request_handler_cpptoc.obj) : warning LNK4099: 未找到 PDB“libcef_dll_wrapper.pdb”(使用“libcef_dll_wrapper.lib(request_handler_cpptoc.obj)”或在“E:\Github\Duilib_CEF\Release\libcef_dll_wrapper.pdb”中寻找)；正在链接对象，如同没有调试信息一样
libcef_dll_wrapper.lib(resolve_callback_cpptoc.obj) : warning LNK4099: 未找到 PDB“libcef_dll_wrapper.pdb”(使用“libcef_dll_wrapper.lib(resolve_callback_cpptoc.obj)”或在“E:\Github\Duilib_CEF\Release\libcef_dll_wrapper.pdb”中寻找)；正在链接对象，如同没有调试信息一样
libcef_dll_wrapper.lib(resource_bundle_handler_cpptoc.obj) : warning LNK4099: 未找到 PDB“libcef_dll_wrapper.pdb”(使用“libcef_dll_wrapper.lib(resource_bundle_handler_cpptoc.obj)”或在“E:\Github\Duilib_CEF\Release\libcef_dll_wrapper.pdb”中寻找)；正在链接对象，如同没有调试信息一样
libcef_dll_wrapper.lib(resource_handler_cpptoc.obj) : warning LNK4099: 未找到 PDB“libcef_dll_wrapper.pdb”(使用“libcef_dll_wrapper.lib(resource_handler_cpptoc.obj)”或在“E:\Github\Duilib_CEF\Release\libcef_dll_wrapper.pdb”中寻找)；正在链接对象，如同没有调试信息一样
libcef_dll_wrapper.lib(response_filter_cpptoc.obj) : warning LNK4099: 未找到 PDB“libcef_dll_wrapper.pdb”(使用“libcef_dll_wrapper.lib(response_filter_cpptoc.obj)”或在“E:\Github\Duilib_CEF\Release\libcef_dll_wrapper.pdb”中寻找)；正在链接对象，如同没有调试信息一样
libcef_dll_wrapper.lib(run_file_dialog_callback_cpptoc.obj) : warning LNK4099: 未找到 PDB“libcef_dll_wrapper.pdb”(使用“libcef_dll_wrapper.lib(run_file_dialog_callback_cpptoc.obj)”或在“E:\Github\Duilib_CEF\Release\libcef_dll_wrapper.pdb”中寻找)；正在链接对象，如同没有调试信息一样
libcef_dll_wrapper.lib(scheme_handler_factory_cpptoc.obj) : warning LNK4099: 未找到 PDB“libcef_dll_wrapper.pdb”(使用“libcef_dll_wrapper.lib(scheme_handler_factory_cpptoc.obj)”或在“E:\Github\Duilib_CEF\Release\libcef_dll_wrapper.pdb”中寻找)；正在链接对象，如同没有调试信息一样
libcef_dll_wrapper.lib(set_cookie_callback_cpptoc.obj) : warning LNK4099: 未找到 PDB“libcef_dll_wrapper.pdb”(使用“libcef_dll_wrapper.lib(set_cookie_callback_cpptoc.obj)”或在“E:\Github\Duilib_CEF\Release\libcef_dll_wrapper.pdb”中寻找)；正在链接对象，如同没有调试信息一样
libcef_dll_wrapper.lib(string_visitor_cpptoc.obj) : warning LNK4099: 未找到 PDB“libcef_dll_wrapper.pdb”(使用“libcef_dll_wrapper.lib(string_visitor_cpptoc.obj)”或在“E:\Github\Duilib_CEF\Release\libcef_dll_wrapper.pdb”中寻找)；正在链接对象，如同没有调试信息一样
libcef_dll_wrapper.lib(task_cpptoc.obj) : warning LNK4099: 未找到 PDB“libcef_dll_wrapper.pdb”(使用“libcef_dll_wrapper.lib(task_cpptoc.obj)”或在“E:\Github\Duilib_CEF\Release\libcef_dll_wrapper.pdb”中寻找)；正在链接对象，如同没有调试信息一样
libcef_dll_wrapper.lib(v8accessor_cpptoc.obj) : warning LNK4099: 未找到 PDB“libcef_dll_wrapper.pdb”(使用“libcef_dll_wrapper.lib(v8accessor_cpptoc.obj)”或在“E:\Github\Duilib_CEF\Release\libcef_dll_wrapper.pdb”中寻找)；正在链接对象，如同没有调试信息一样
libcef_dll_wrapper.lib(v8handler_cpptoc.obj) : warning LNK4099: 未找到 PDB“libcef_dll_wrapper.pdb”(使用“libcef_dll_wrapper.lib(v8handler_cpptoc.obj)”或在“E:\Github\Duilib_CEF\Release\libcef_dll_wrapper.pdb”中寻找)；正在链接对象，如同没有调试信息一样
libcef_dll_wrapper.lib(web_plugin_info_visitor_cpptoc.obj) : warning LNK4099: 未找到 PDB“libcef_dll_wrapper.pdb”(使用“libcef_dll_wrapper.lib(web_plugin_info_visitor_cpptoc.obj)”或在“E:\Github\Duilib_CEF\Release\libcef_dll_wrapper.pdb”中寻找)；正在链接对象，如同没有调试信息一样
libcef_dll_wrapper.lib(web_plugin_unstable_callback_cpptoc.obj) : warning LNK4099: 未找到 PDB“libcef_dll_wrapper.pdb”(使用“libcef_dll_wrapper.lib(web_plugin_unstable_callback_cpptoc.obj)”或在“E:\Github\Duilib_CEF\Release\libcef_dll_wrapper.pdb”中寻找)；正在链接对象，如同没有调试信息一样
libcef_dll_wrapper.lib(write_handler_cpptoc.obj) : warning LNK4099: 未找到 PDB“libcef_dll_wrapper.pdb”(使用“libcef_dll_wrapper.lib(write_handler_cpptoc.obj)”或在“E:\Github\Duilib_CEF\Release\libcef_dll_wrapper.pdb”中寻找)；正在链接对象，如同没有调试信息一样
libcef_dll_wrapper.lib(auth_callback_ctocpp.obj) : warning LNK4099: 未找到 PDB“libcef_dll_wrapper.pdb”(使用“libcef_dll_wrapper.lib(auth_callback_ctocpp.obj)”或在“E:\Github\Duilib_CEF\Release\libcef_dll_wrapper.pdb”中寻找)；正在链接对象，如同没有调试信息一样
libcef_dll_wrapper.lib(before_download_callback_ctocpp.obj) : warning LNK4099: 未找到 PDB“libcef_dll_wrapper.pdb”(使用“libcef_dll_wrapper.lib(before_download_callback_ctocpp.obj)”或在“E:\Github\Duilib_CEF\Release\libcef_dll_wrapper.pdb”中寻找)；正在链接对象，如同没有调试信息一样
libcef_dll_wrapper.lib(binary_value_ctocpp.obj) : warning LNK4099: 未找到 PDB“libcef_dll_wrapper.pdb”(使用“libcef_dll_wrapper.lib(binary_value_ctocpp.obj)”或在“E:\Github\Duilib_CEF\Release\libcef_dll_wrapper.pdb”中寻找)；正在链接对象，如同没有调试信息一样
libcef_dll_wrapper.lib(browser_ctocpp.obj) : warning LNK4099: 未找到 PDB“libcef_dll_wrapper.pdb”(使用“libcef_dll_wrapper.lib(browser_ctocpp.obj)”或在“E:\Github\Duilib_CEF\Release\libcef_dll_wrapper.pdb”中寻找)；正在链接对象，如同没有调试信息一样
libcef_dll_wrapper.lib(browser_host_ctocpp.obj) : warning LNK4099: 未找到 PDB“libcef_dll_wrapper.pdb”(使用“libcef_dll_wrapper.lib(browser_host_ctocpp.obj)”或在“E:\Github\Duilib_CEF\Release\libcef_dll_wrapper.pdb”中寻找)；正在链接对象，如同没有调试信息一样
libcef_dll_wrapper.lib(callback_ctocpp.obj) : warning LNK4099: 未找到 PDB“libcef_dll_wrapper.pdb”(使用“libcef_dll_wrapper.lib(callback_ctocpp.obj)”或在“E:\Github\Duilib_CEF\Release\libcef_dll_wrapper.pdb”中寻找)；正在链接对象，如同没有调试信息一样
libcef_dll_wrapper.lib(command_line_ctocpp.obj) : warning LNK4099: 未找到 PDB“libcef_dll_wrapper.pdb”(使用“libcef_dll_wrapper.lib(command_line_ctocpp.obj)”或在“E:\Github\Duilib_CEF\Release\libcef_dll_wrapper.pdb”中寻找)；正在链接对象，如同没有调试信息一样
libcef_dll_wrapper.lib(context_menu_params_ctocpp.obj) : warning LNK4099: 未找到 PDB“libcef_dll_wrapper.pdb”(使用“libcef_dll_wrapper.lib(context_menu_params_ctocpp.obj)”或在“E:\Github\Duilib_CEF\Release\libcef_dll_wrapper.pdb”中寻找)；正在链接对象，如同没有调试信息一样
libcef_dll_wrapper.lib(cookie_manager_ctocpp.obj) : warning LNK4099: 未找到 PDB“libcef_dll_wrapper.pdb”(使用“libcef_dll_wrapper.lib(cookie_manager_ctocpp.obj)”或在“E:\Github\Duilib_CEF\Release\libcef_dll_wrapper.pdb”中寻找)；正在链接对象，如同没有调试信息一样
libcef_dll_wrapper.lib(dictionary_value_ctocpp.obj) : warning LNK4099: 未找到 PDB“libcef_dll_wrapper.pdb”(使用“libcef_dll_wrapper.lib(dictionary_value_ctocpp.obj)”或在“E:\Github\Duilib_CEF\Release\libcef_dll_wrapper.pdb”中寻找)；正在链接对象，如同没有调试信息一样
libcef_dll_wrapper.lib(domdocument_ctocpp.obj) : warning LNK4099: 未找到 PDB“libcef_dll_wrapper.pdb”(使用“libcef_dll_wrapper.lib(domdocument_ctocpp.obj)”或在“E:\Github\Duilib_CEF\Release\libcef_dll_wrapper.pdb”中寻找)；正在链接对象，如同没有调试信息一样
libcef_dll_wrapper.lib(domnode_ctocpp.obj) : warning LNK4099: 未找到 PDB“libcef_dll_wrapper.pdb”(使用“libcef_dll_wrapper.lib(domnode_ctocpp.obj)”或在“E:\Github\Duilib_CEF\Release\libcef_dll_wrapper.pdb”中寻找)；正在链接对象，如同没有调试信息一样
libcef_dll_wrapper.lib(download_item_callback_ctocpp.obj) : warning LNK4099: 未找到 PDB“libcef_dll_wrapper.pdb”(使用“libcef_dll_wrapper.lib(download_item_callback_ctocpp.obj)”或在“E:\Github\Duilib_CEF\Release\libcef_dll_wrapper.pdb”中寻找)；正在链接对象，如同没有调试信息一样
libcef_dll_wrapper.lib(download_item_ctocpp.obj) : warning LNK4099: 未找到 PDB“libcef_dll_wrapper.pdb”(使用“libcef_dll_wrapper.lib(download_item_ctocpp.obj)”或在“E:\Github\Duilib_CEF\Release\libcef_dll_wrapper.pdb”中寻找)；正在链接对象，如同没有调试信息一样
libcef_dll_wrapper.lib(drag_data_ctocpp.obj) : warning LNK4099: 未找到 PDB“libcef_dll_wrapper.pdb”(使用“libcef_dll_wrapper.lib(drag_data_ctocpp.obj)”或在“E:\Github\Duilib_CEF\Release\libcef_dll_wrapper.pdb”中寻找)；正在链接对象，如同没有调试信息一样
libcef_dll_wrapper.lib(file_dialog_callback_ctocpp.obj) : warning LNK4099: 未找到 PDB“libcef_dll_wrapper.pdb”(使用“libcef_dll_wrapper.lib(file_dialog_callback_ctocpp.obj)”或在“E:\Github\Duilib_CEF\Release\libcef_dll_wrapper.pdb”中寻找)；正在链接对象，如同没有调试信息一样
libcef_dll_wrapper.lib(frame_ctocpp.obj) : warning LNK4099: 未找到 PDB“libcef_dll_wrapper.pdb”(使用“libcef_dll_wrapper.lib(frame_ctocpp.obj)”或在“E:\Github\Duilib_CEF\Release\libcef_dll_wrapper.pdb”中寻找)；正在链接对象，如同没有调试信息一样
libcef_dll_wrapper.lib(geolocation_callback_ctocpp.obj) : warning LNK4099: 未找到 PDB“libcef_dll_wrapper.pdb”(使用“libcef_dll_wrapper.lib(geolocation_callback_ctocpp.obj)”或在“E:\Github\Duilib_CEF\Release\libcef_dll_wrapper.pdb”中寻找)；正在链接对象，如同没有调试信息一样
libcef_dll_wrapper.lib(image_ctocpp.obj) : warning LNK4099: 未找到 PDB“libcef_dll_wrapper.pdb”(使用“libcef_dll_wrapper.lib(image_ctocpp.obj)”或在“E:\Github\Duilib_CEF\Release\libcef_dll_wrapper.pdb”中寻找)；正在链接对象，如同没有调试信息一样
libcef_dll_wrapper.lib(jsdialog_callback_ctocpp.obj) : warning LNK4099: 未找到 PDB“libcef_dll_wrapper.pdb”(使用“libcef_dll_wrapper.lib(jsdialog_callback_ctocpp.obj)”或在“E:\Github\Duilib_CEF\Release\libcef_dll_wrapper.pdb”中寻找)；正在链接对象，如同没有调试信息一样
libcef_dll_wrapper.lib(list_value_ctocpp.obj) : warning LNK4099: 未找到 PDB“libcef_dll_wrapper.pdb”(使用“libcef_dll_wrapper.lib(list_value_ctocpp.obj)”或在“E:\Github\Duilib_CEF\Release\libcef_dll_wrapper.pdb”中寻找)；正在链接对象，如同没有调试信息一样
libcef_dll_wrapper.lib(menu_model_ctocpp.obj) : warning LNK4099: 未找到 PDB“libcef_dll_wrapper.pdb”(使用“libcef_dll_wrapper.lib(menu_model_ctocpp.obj)”或在“E:\Github\Duilib_CEF\Release\libcef_dll_wrapper.pdb”中寻找)；正在链接对象，如同没有调试信息一样
libcef_dll_wrapper.lib(navigation_entry_ctocpp.obj) : warning LNK4099: 未找到 PDB“libcef_dll_wrapper.pdb”(使用“libcef_dll_wrapper.lib(navigation_entry_ctocpp.obj)”或在“E:\Github\Duilib_CEF\Release\libcef_dll_wrapper.pdb”中寻找)；正在链接对象，如同没有调试信息一样
libcef_dll_wrapper.lib(post_data_ctocpp.obj) : warning LNK4099: 未找到 PDB“libcef_dll_wrapper.pdb”(使用“libcef_dll_wrapper.lib(post_data_ctocpp.obj)”或在“E:\Github\Duilib_CEF\Release\libcef_dll_wrapper.pdb”中寻找)；正在链接对象，如同没有调试信息一样
libcef_dll_wrapper.lib(post_data_element_ctocpp.obj) : warning LNK4099: 未找到 PDB“libcef_dll_wrapper.pdb”(使用“libcef_dll_wrapper.lib(post_data_element_ctocpp.obj)”或在“E:\Github\Duilib_CEF\Release\libcef_dll_wrapper.pdb”中寻找)；正在链接对象，如同没有调试信息一样
libcef_dll_wrapper.lib(print_dialog_callback_ctocpp.obj) : warning LNK4099: 未找到 PDB“libcef_dll_wrapper.pdb”(使用“libcef_dll_wrapper.lib(print_dialog_callback_ctocpp.obj)”或在“E:\Github\Duilib_CEF\Release\libcef_dll_wrapper.pdb”中寻找)；正在链接对象，如同没有调试信息一样
libcef_dll_wrapper.lib(print_job_callback_ctocpp.obj) : warning LNK4099: 未找到 PDB“libcef_dll_wrapper.pdb”(使用“libcef_dll_wrapper.lib(print_job_callback_ctocpp.obj)”或在“E:\Github\Duilib_CEF\Release\libcef_dll_wrapper.pdb”中寻找)；正在链接对象，如同没有调试信息一样
libcef_dll_wrapper.lib(print_settings_ctocpp.obj) : warning LNK4099: 未找到 PDB“libcef_dll_wrapper.pdb”(使用“libcef_dll_wrapper.lib(print_settings_ctocpp.obj)”或在“E:\Github\Duilib_CEF\Release\libcef_dll_wrapper.pdb”中寻找)；正在链接对象，如同没有调试信息一样
libcef_dll_wrapper.lib(process_message_ctocpp.obj) : warning LNK4099: 未找到 PDB“libcef_dll_wrapper.pdb”(使用“libcef_dll_wrapper.lib(process_message_ctocpp.obj)”或在“E:\Github\Duilib_CEF\Release\libcef_dll_wrapper.pdb”中寻找)；正在链接对象，如同没有调试信息一样
libcef_dll_wrapper.lib(request_callback_ctocpp.obj) : warning LNK4099: 未找到 PDB“libcef_dll_wrapper.pdb”(使用“libcef_dll_wrapper.lib(request_callback_ctocpp.obj)”或在“E:\Github\Duilib_CEF\Release\libcef_dll_wrapper.pdb”中寻找)；正在链接对象，如同没有调试信息一样
libcef_dll_wrapper.lib(request_context_ctocpp.obj) : warning LNK4099: 未找到 PDB“libcef_dll_wrapper.pdb”(使用“libcef_dll_wrapper.lib(request_context_ctocpp.obj)”或在“E:\Github\Duilib_CEF\Release\libcef_dll_wrapper.pdb”中寻找)；正在链接对象，如同没有调试信息一样
libcef_dll_wrapper.lib(request_ctocpp.obj) : warning LNK4099: 未找到 PDB“libcef_dll_wrapper.pdb”(使用“libcef_dll_wrapper.lib(request_ctocpp.obj)”或在“E:\Github\Duilib_CEF\Release\libcef_dll_wrapper.pdb”中寻找)；正在链接对象，如同没有调试信息一样
libcef_dll_wrapper.lib(response_ctocpp.obj) : warning LNK4099: 未找到 PDB“libcef_dll_wrapper.pdb”(使用“libcef_dll_wrapper.lib(response_ctocpp.obj)”或在“E:\Github\Duilib_CEF\Release\libcef_dll_wrapper.pdb”中寻找)；正在链接对象，如同没有调试信息一样
libcef_dll_wrapper.lib(run_context_menu_callback_ctocpp.obj) : warning LNK4099: 未找到 PDB“libcef_dll_wrapper.pdb”(使用“libcef_dll_wrapper.lib(run_context_menu_callback_ctocpp.obj)”或在“E:\Github\Duilib_CEF\Release\libcef_dll_wrapper.pdb”中寻找)；正在链接对象，如同没有调试信息一样
libcef_dll_wrapper.lib(scheme_registrar_ctocpp.obj) : warning LNK4099: 未找到 PDB“libcef_dll_wrapper.pdb”(使用“libcef_dll_wrapper.lib(scheme_registrar_ctocpp.obj)”或在“E:\Github\Duilib_CEF\Release\libcef_dll_wrapper.pdb”中寻找)；正在链接对象，如同没有调试信息一样
libcef_dll_wrapper.lib(sslcert_principal_ctocpp.obj) : warning LNK4099: 未找到 PDB“libcef_dll_wrapper.pdb”(使用“libcef_dll_wrapper.lib(sslcert_principal_ctocpp.obj)”或在“E:\Github\Duilib_CEF\Release\libcef_dll_wrapper.pdb”中寻找)；正在链接对象，如同没有调试信息一样
libcef_dll_wrapper.lib(sslinfo_ctocpp.obj) : warning LNK4099: 未找到 PDB“libcef_dll_wrapper.pdb”(使用“libcef_dll_wrapper.lib(sslinfo_ctocpp.obj)”或在“E:\Github\Duilib_CEF\Release\libcef_dll_wrapper.pdb”中寻找)；正在链接对象，如同没有调试信息一样
libcef_dll_wrapper.lib(stream_writer_ctocpp.obj) : warning LNK4099: 未找到 PDB“libcef_dll_wrapper.pdb”(使用“libcef_dll_wrapper.lib(stream_writer_ctocpp.obj)”或在“E:\Github\Duilib_CEF\Release\libcef_dll_wrapper.pdb”中寻找)；正在链接对象，如同没有调试信息一样
libcef_dll_wrapper.lib(task_runner_ctocpp.obj) : warning LNK4099: 未找到 PDB“libcef_dll_wrapper.pdb”(使用“libcef_dll_wrapper.lib(task_runner_ctocpp.obj)”或在“E:\Github\Duilib_CEF\Release\libcef_dll_wrapper.pdb”中寻找)；正在链接对象，如同没有调试信息一样
libcef_dll_wrapper.lib(v8context_ctocpp.obj) : warning LNK4099: 未找到 PDB“libcef_dll_wrapper.pdb”(使用“libcef_dll_wrapper.lib(v8context_ctocpp.obj)”或在“E:\Github\Duilib_CEF\Release\libcef_dll_wrapper.pdb”中寻找)；正在链接对象，如同没有调试信息一样
libcef_dll_wrapper.lib(v8exception_ctocpp.obj) : warning LNK4099: 未找到 PDB“libcef_dll_wrapper.pdb”(使用“libcef_dll_wrapper.lib(v8exception_ctocpp.obj)”或在“E:\Github\Duilib_CEF\Release\libcef_dll_wrapper.pdb”中寻找)；正在链接对象，如同没有调试信息一样
libcef_dll_wrapper.lib(v8stack_frame_ctocpp.obj) : warning LNK4099: 未找到 PDB“libcef_dll_wrapper.pdb”(使用“libcef_dll_wrapper.lib(v8stack_frame_ctocpp.obj)”或在“E:\Github\Duilib_CEF\Release\libcef_dll_wrapper.pdb”中寻找)；正在链接对象，如同没有调试信息一样
libcef_dll_wrapper.lib(v8stack_trace_ctocpp.obj) : warning LNK4099: 未找到 PDB“libcef_dll_wrapper.pdb”(使用“libcef_dll_wrapper.lib(v8stack_trace_ctocpp.obj)”或在“E:\Github\Duilib_CEF\Release\libcef_dll_wrapper.pdb”中寻找)；正在链接对象，如同没有调试信息一样
libcef_dll_wrapper.lib(v8value_ctocpp.obj) : warning LNK4099: 未找到 PDB“libcef_dll_wrapper.pdb”(使用“libcef_dll_wrapper.lib(v8value_ctocpp.obj)”或在“E:\Github\Duilib_CEF\Release\libcef_dll_wrapper.pdb”中寻找)；正在链接对象，如同没有调试信息一样
libcef_dll_wrapper.lib(value_ctocpp.obj) : warning LNK4099: 未找到 PDB“libcef_dll_wrapper.pdb”(使用“libcef_dll_wrapper.lib(value_ctocpp.obj)”或在“E:\Github\Duilib_CEF\Release\libcef_dll_wrapper.pdb”中寻找)；正在链接对象，如同没有调试信息一样
libcef_dll_wrapper.lib(web_plugin_info_ctocpp.obj) : warning LNK4099: 未找到 PDB“libcef_dll_wrapper.pdb”(使用“libcef_dll_wrapper.lib(web_plugin_info_ctocpp.obj)”或在“E:\Github\Duilib_CEF\Release\libcef_dll_wrapper.pdb”中寻找)；正在链接对象，如同没有调试信息一样
libcef_dll_wrapper.lib(libcef_dll_wrapper.obj) : warning LNK4099: 未找到 PDB“libcef_dll_wrapper.pdb”(使用“libcef_dll_wrapper.lib(libcef_dll_wrapper.obj)”或在“E:\Github\Duilib_CEF\Release\libcef_dll_wrapper.pdb”中寻找)；正在链接对象，如同没有调试信息一样
  Banana.vcxproj -> E:\Github\Duilib_CEF\Release\Banana.exe
